[debug] [2021-08-17T15:55:04.940Z] ----------------------------------------------------------------------
[debug] [2021-08-17T15:55:04.941Z] Command:       D:\Program Files\nodejs\node.exe C:\Users\alvar\AppData\Roaming\npm\node_modules\firebase-tools\lib\bin\firebase.js deploy -m First Deploy
[debug] [2021-08-17T15:55:04.941Z] CLI Version:   9.16.5
[debug] [2021-08-17T15:55:04.942Z] Platform:      win32
[debug] [2021-08-17T15:55:04.942Z] Node Version:  v14.15.3
[debug] [2021-08-17T15:55:04.942Z] Time:          Tue Aug 17 2021 17:55:04 GMT+0200 (hora de verano de Europa central)
[debug] [2021-08-17T15:55:04.943Z] ----------------------------------------------------------------------
[debug] 
[debug] [2021-08-17T15:55:04.999Z] > command requires scopes: ["email","openid","https://www.googleapis.com/auth/cloudplatformprojects.readonly","https://www.googleapis.com/auth/firebase","https://www.googleapis.com/auth/cloud-platform"]
[debug] [2021-08-17T15:55:04.999Z] > authorizing via signed-in user (alvaroolear@gmail.com)
[debug] [2021-08-17T15:55:04.999Z] [iam] checking project gdn-bot for permissions ["cloudfunctions.functions.create","cloudfunctions.functions.delete","cloudfunctions.functions.get","cloudfunctions.functions.list","cloudfunctions.functions.update","cloudfunctions.operations.get","datastore.indexes.create","datastore.indexes.delete","datastore.indexes.list","datastore.indexes.update","firebase.projects.get","firebasehosting.sites.update"]
[debug] [2021-08-17T15:55:05.001Z] >>> HTTP REQUEST POST https://cloudresourcemanager.googleapis.com/v1/projects/gdn-bot:testIamPermissions  
 {"permissions":["cloudfunctions.functions.create","cloudfunctions.functions.delete","cloudfunctions.functions.get","cloudfunctions.functions.list","cloudfunctions.functions.update","cloudfunctions.operations.get","datastore.indexes.create","datastore.indexes.delete","datastore.indexes.list","datastore.indexes.update","firebase.projects.get","firebasehosting.sites.update"]}
[debug] [2021-08-17T15:55:05.749Z] <<< HTTP RESPONSE 200 {"content-type":"application/json; charset=UTF-8","vary":"X-Origin, Referer, Origin,Accept-Encoding","date":"Tue, 17 Aug 2021 15:55:04 GMT","server":"ESF","cache-control":"private","x-xss-protection":"0","x-frame-options":"SAMEORIGIN","x-content-type-options":"nosniff","server-timing":"gfet4t7; dur=634","alt-svc":"h3=\":443\"; ma=2592000,h3-29=\":443\"; ma=2592000,h3-T051=\":443\"; ma=2592000,h3-Q050=\":443\"; ma=2592000,h3-Q046=\":443\"; ma=2592000,h3-Q043=\":443\"; ma=2592000,quic=\":443\"; ma=2592000; v=\"46,43\"","accept-ranges":"none","transfer-encoding":"chunked"}
[debug] [2021-08-17T15:55:05.751Z] >>> HTTP REQUEST POST https://iam.googleapis.com/v1/projects/gdn-bot/serviceAccounts/gdn-bot@appspot.gserviceaccount.com:testIamPermissions  
 {"permissions":["iam.serviceAccounts.actAs"]}
[debug] [2021-08-17T15:55:06.423Z] <<< HTTP RESPONSE 200 {"content-type":"application/json; charset=UTF-8","vary":"X-Origin, Referer, Origin,Accept-Encoding","date":"Tue, 17 Aug 2021 15:55:05 GMT","server":"ESF","cache-control":"private","x-xss-protection":"0","x-frame-options":"SAMEORIGIN","x-content-type-options":"nosniff","alt-svc":"h3=\":443\"; ma=2592000,h3-29=\":443\"; ma=2592000,h3-T051=\":443\"; ma=2592000,h3-Q050=\":443\"; ma=2592000,h3-Q046=\":443\"; ma=2592000,h3-Q043=\":443\"; ma=2592000,quic=\":443\"; ma=2592000; v=\"46,43\"","accept-ranges":"none","transfer-encoding":"chunked"}
[debug] [2021-08-17T15:55:06.424Z] > refreshing access token with scopes: []
[debug] [2021-08-17T15:55:06.424Z] >>> HTTP REQUEST POST https://www.googleapis.com/oauth2/v3/token  
 <request body omitted>
[debug] [2021-08-17T15:55:06.545Z] <<< HTTP RESPONSE 200 {"cache-control":"no-cache, no-store, max-age=0, must-revalidate","pragma":"no-cache","date":"Tue, 17 Aug 2021 15:55:05 GMT","expires":"Mon, 01 Jan 1990 00:00:00 GMT","content-type":"application/json; charset=utf-8","vary":"X-Origin, Referer, Origin,Accept-Encoding","server":"scaffolding on HTTPServer2","x-xss-protection":"0","x-frame-options":"SAMEORIGIN","x-content-type-options":"nosniff","alt-svc":"h3=\":443\"; ma=2592000,h3-29=\":443\"; ma=2592000,h3-T051=\":443\"; ma=2592000,h3-Q050=\":443\"; ma=2592000,h3-Q046=\":443\"; ma=2592000,h3-Q043=\":443\"; ma=2592000,quic=\":443\"; ma=2592000; v=\"46,43\"","accept-ranges":"none","transfer-encoding":"chunked"}
[debug] [2021-08-17T15:55:06.557Z] >>> [apiv2][query] GET https://firebase.googleapis.com/v1beta1/projects/gdn-bot [none]
[debug] [2021-08-17T15:55:06.756Z] <<< [apiv2][status] GET https://firebase.googleapis.com/v1beta1/projects/gdn-bot 200
[debug] [2021-08-17T15:55:06.756Z] <<< [apiv2][body] GET https://firebase.googleapis.com/v1beta1/projects/gdn-bot {"projectId":"gdn-bot","projectNumber":"621639358864","displayName":"GdN-Bot","name":"projects/gdn-bot","resources":{"hostingSite":"gdn-bot","realtimeDatabaseInstance":"gdn-bot-default-rtdb","storageBucket":"gdn-bot.appspot.com","locationId":"europe-west"},"state":"ACTIVE"}
[info] 
[info] === Deploying to 'gdn-bot'...
[info] 
[info] i  deploying firestore, functions, hosting 
[info] Running command: npm --prefix "$RESOURCE_DIR" run lint
[info] +  functions: Finished running predeploy script. 
[info] i  firestore: reading indexes from firestore.indexes.json... 
[info] i  cloud.firestore: checking firestore.rules for compilation errors... 
[debug] [2021-08-17T15:55:07.980Z] > refreshing access token with scopes: ["email","https://www.googleapis.com/auth/cloud-platform","https://www.googleapis.com/auth/cloudplatformprojects.readonly","https://www.googleapis.com/auth/firebase","openid"]
[debug] [2021-08-17T15:55:07.980Z] >>> HTTP REQUEST POST https://www.googleapis.com/oauth2/v3/token  
 <request body omitted>
[debug] [2021-08-17T15:55:08.099Z] <<< HTTP RESPONSE 200 {"date":"Tue, 17 Aug 2021 15:55:06 GMT","pragma":"no-cache","expires":"Mon, 01 Jan 1990 00:00:00 GMT","cache-control":"no-cache, no-store, max-age=0, must-revalidate","content-type":"application/json; charset=utf-8","vary":"X-Origin, Referer, Origin,Accept-Encoding","server":"scaffolding on HTTPServer2","x-xss-protection":"0","x-frame-options":"SAMEORIGIN","x-content-type-options":"nosniff","alt-svc":"h3=\":443\"; ma=2592000,h3-29=\":443\"; ma=2592000,h3-T051=\":443\"; ma=2592000,h3-Q050=\":443\"; ma=2592000,h3-Q046=\":443\"; ma=2592000,h3-Q043=\":443\"; ma=2592000,quic=\":443\"; ma=2592000; v=\"46,43\"","accept-ranges":"none","transfer-encoding":"chunked"}
[debug] [2021-08-17T15:55:08.110Z] >>> HTTP REQUEST POST https://firebaserules.googleapis.com/v1/projects/gdn-bot:test  
 {"source":{"files":[{"name":"firestore.rules","content":"rules_version = '2';\nservice cloud.firestore {\n  match /databases/{database}/documents {\n    match /{document=**} {\n      allow read: if request.time < timestamp.date(2021, 12, 31);\n      allow write: if false;\n    }\n  }\n}"}]}}
[debug] [2021-08-17T15:55:08.386Z] <<< HTTP RESPONSE 200 {"content-type":"application/json; charset=UTF-8","vary":"X-Origin, Referer, Origin,Accept-Encoding","date":"Tue, 17 Aug 2021 15:55:07 GMT","server":"ESF","cache-control":"private","x-xss-protection":"0","x-frame-options":"SAMEORIGIN","x-content-type-options":"nosniff","alt-svc":"h3=\":443\"; ma=2592000,h3-29=\":443\"; ma=2592000,h3-T051=\":443\"; ma=2592000,h3-Q050=\":443\"; ma=2592000,h3-Q046=\":443\"; ma=2592000,h3-Q043=\":443\"; ma=2592000,quic=\":443\"; ma=2592000; v=\"46,43\"","accept-ranges":"none","transfer-encoding":"chunked"}
[info] +  cloud.firestore: rules file firestore.rules compiled successfully 
[debug] [2021-08-17T15:55:08.388Z] Validating nodejs source
[debug] [2021-08-17T15:55:11.092Z] > [functions] package.json contents: {
  "name": "functions",
  "description": "Cloud Functions for Firebase",
  "scripts": {
    "lint": "eslint .",
    "serve": "firebase emulators:start --only functions",
    "shell": "firebase functions:shell",
    "start": "npm run shell",
    "deploy": "firebase deploy --only functions",
    "logs": "firebase functions:log"
  },
  "engines": {
    "node": "14"
  },
  "main": "index.js",
  "dependencies": {
    "firebase-admin": "^9.8.0",
    "firebase-functions": "^3.14.1"
  },
  "devDependencies": {
    "eslint": "^7.6.0",
    "eslint-config-google": "^0.14.0",
    "firebase-functions-test": "^0.2.0"
  },
  "private": true
}
[debug] [2021-08-17T15:55:11.092Z] Building nodejs source
[info] i  functions: ensuring required API cloudfunctions.googleapis.com is enabled... 
[info] i  functions: ensuring required API cloudbuild.googleapis.com is enabled... 
[debug] [2021-08-17T15:55:11.093Z] >>> HTTP REQUEST GET https://serviceusage.googleapis.com/v1/projects/gdn-bot/services/cloudfunctions.googleapis.com  
 
[debug] [2021-08-17T15:55:11.093Z] >>> HTTP REQUEST GET https://serviceusage.googleapis.com/v1/projects/gdn-bot/services/runtimeconfig.googleapis.com  
 
[debug] [2021-08-17T15:55:11.094Z] >>> HTTP REQUEST GET https://serviceusage.googleapis.com/v1/projects/gdn-bot/services/cloudbuild.googleapis.com  
 
[debug] [2021-08-17T15:55:12.025Z] <<< HTTP RESPONSE 200 {"content-type":"application/json; charset=UTF-8","vary":"X-Origin, Referer, Origin,Accept-Encoding","date":"Tue, 17 Aug 2021 15:55:10 GMT","server":"ESF","cache-control":"private","x-xss-protection":"0","x-frame-options":"SAMEORIGIN","x-content-type-options":"nosniff","alt-svc":"h3=\":443\"; ma=2592000,h3-29=\":443\"; ma=2592000,h3-T051=\":443\"; ma=2592000,h3-Q050=\":443\"; ma=2592000,h3-Q046=\":443\"; ma=2592000,h3-Q043=\":443\"; ma=2592000,quic=\":443\"; ma=2592000; v=\"46,43\"","accept-ranges":"none","transfer-encoding":"chunked"}
[debug] [2021-08-17T15:55:12.039Z] <<< HTTP RESPONSE 200 {"content-type":"application/json; charset=UTF-8","vary":"X-Origin, Referer, Origin,Accept-Encoding","date":"Tue, 17 Aug 2021 15:55:10 GMT","server":"ESF","cache-control":"private","x-xss-protection":"0","x-frame-options":"SAMEORIGIN","x-content-type-options":"nosniff","alt-svc":"h3=\":443\"; ma=2592000,h3-29=\":443\"; ma=2592000,h3-T051=\":443\"; ma=2592000,h3-Q050=\":443\"; ma=2592000,h3-Q046=\":443\"; ma=2592000,h3-Q043=\":443\"; ma=2592000,quic=\":443\"; ma=2592000; v=\"46,43\"","accept-ranges":"none","transfer-encoding":"chunked"}
[warn] !  functions: missing required API cloudbuild.googleapis.com. Enabling now... 
[debug] [2021-08-17T15:55:12.040Z] >>> HTTP REQUEST POST https://serviceusage.googleapis.com/v1/projects/gdn-bot/services/cloudbuild.googleapis.com:enable  
 
[debug] [2021-08-17T15:55:12.053Z] <<< HTTP RESPONSE 200 {"content-type":"application/json; charset=UTF-8","vary":"X-Origin, Referer, Origin,Accept-Encoding","date":"Tue, 17 Aug 2021 15:55:10 GMT","server":"ESF","cache-control":"private","x-xss-protection":"0","x-frame-options":"SAMEORIGIN","x-content-type-options":"nosniff","alt-svc":"h3=\":443\"; ma=2592000,h3-29=\":443\"; ma=2592000,h3-T051=\":443\"; ma=2592000,h3-Q050=\":443\"; ma=2592000,h3-Q046=\":443\"; ma=2592000,h3-Q043=\":443\"; ma=2592000,quic=\":443\"; ma=2592000; v=\"46,43\"","accept-ranges":"none","transfer-encoding":"chunked"}
[info] +  functions: required API cloudfunctions.googleapis.com is enabled 
[debug] [2021-08-17T15:55:13.534Z] <<< HTTP RESPONSE 200 {"content-type":"application/json; charset=UTF-8","vary":"X-Origin, Referer, Origin,Accept-Encoding","date":"Tue, 17 Aug 2021 15:55:12 GMT","server":"ESF","cache-control":"private","x-xss-protection":"0","x-frame-options":"SAMEORIGIN","x-content-type-options":"nosniff","alt-svc":"h3=\":443\"; ma=2592000,h3-29=\":443\"; ma=2592000,h3-T051=\":443\"; ma=2592000,h3-Q050=\":443\"; ma=2592000,h3-Q046=\":443\"; ma=2592000,h3-Q043=\":443\"; ma=2592000,quic=\":443\"; ma=2592000; v=\"46,43\"","accept-ranges":"none","transfer-encoding":"chunked"}
[debug] [2021-08-17T15:55:23.542Z] >>> HTTP REQUEST GET https://serviceusage.googleapis.com/v1/projects/gdn-bot/services/cloudbuild.googleapis.com  
 
[debug] [2021-08-17T15:55:24.502Z] <<< HTTP RESPONSE 200 {"content-type":"application/json; charset=UTF-8","vary":"X-Origin, Referer, Origin,Accept-Encoding","date":"Tue, 17 Aug 2021 15:55:23 GMT","server":"ESF","cache-control":"private","x-xss-protection":"0","x-frame-options":"SAMEORIGIN","x-content-type-options":"nosniff","alt-svc":"h3=\":443\"; ma=2592000,h3-29=\":443\"; ma=2592000,h3-T051=\":443\"; ma=2592000,h3-Q050=\":443\"; ma=2592000,h3-Q046=\":443\"; ma=2592000,h3-Q043=\":443\"; ma=2592000,quic=\":443\"; ma=2592000; v=\"46,43\"","accept-ranges":"none","transfer-encoding":"chunked"}
[info] +  functions: required API cloudbuild.googleapis.com is enabled 
[debug] [2021-08-17T15:55:24.504Z] >>> HTTP REQUEST GET https://firebase.googleapis.com/v1beta1/projects/gdn-bot/adminSdkConfig  
 
[debug] [2021-08-17T15:55:24.799Z] <<< HTTP RESPONSE 200 {"content-type":"application/json; charset=UTF-8","vary":"X-Origin, Referer, Origin,Accept-Encoding","date":"Tue, 17 Aug 2021 15:55:23 GMT","server":"ESF","cache-control":"private","x-xss-protection":"0","x-frame-options":"SAMEORIGIN","x-content-type-options":"nosniff","alt-svc":"h3=\":443\"; ma=2592000,h3-29=\":443\"; ma=2592000,h3-T051=\":443\"; ma=2592000,h3-Q050=\":443\"; ma=2592000,h3-Q046=\":443\"; ma=2592000,h3-Q043=\":443\"; ma=2592000,quic=\":443\"; ma=2592000; v=\"46,43\"","accept-ranges":"none","transfer-encoding":"chunked"}
[debug] [2021-08-17T15:55:24.799Z] >>> HTTP REQUEST GET https://runtimeconfig.googleapis.com/v1beta1/projects/gdn-bot/configs  
 
[debug] [2021-08-17T15:55:25.091Z] <<< HTTP RESPONSE 200 {"content-type":"application/json; charset=UTF-8","vary":"X-Origin, Referer, Origin,Accept-Encoding","date":"Tue, 17 Aug 2021 15:55:23 GMT","server":"ESF","cache-control":"private","x-xss-protection":"0","x-frame-options":"SAMEORIGIN","x-content-type-options":"nosniff","alt-svc":"h3=\":443\"; ma=2592000,h3-29=\":443\"; ma=2592000,h3-T051=\":443\"; ma=2592000,h3-Q050=\":443\"; ma=2592000,h3-Q046=\":443\"; ma=2592000,h3-Q043=\":443\"; ma=2592000,quic=\":443\"; ma=2592000; v=\"46,43\"","accept-ranges":"none","transfer-encoding":"chunked"}
[debug] [2021-08-17T15:55:25.092Z] Analyzing nodejs backend spec
[info] i  functions: preparing functions directory for uploading... 
[info] i  functions: packaged functions (35.05 KB) for uploading 
[debug] [2021-08-17T15:55:25.233Z] >>> HTTP REQUEST GET https://cloudfunctions.googleapis.com/v1/projects/gdn-bot/locations/-/functions  
 
[debug] [2021-08-17T15:55:25.804Z] <<< HTTP RESPONSE 200 {"content-type":"application/json; charset=UTF-8","vary":"X-Origin, Referer, Origin,Accept-Encoding","date":"Tue, 17 Aug 2021 15:55:24 GMT","server":"ESF","cache-control":"private","x-xss-protection":"0","x-frame-options":"SAMEORIGIN","x-content-type-options":"nosniff","alt-svc":"h3=\":443\"; ma=2592000,h3-29=\":443\"; ma=2592000,h3-T051=\":443\"; ma=2592000,h3-Q050=\":443\"; ma=2592000,h3-Q046=\":443\"; ma=2592000,h3-Q043=\":443\"; ma=2592000,quic=\":443\"; ma=2592000; v=\"46,43\"","accept-ranges":"none","transfer-encoding":"chunked"}
[debug] [2021-08-17T15:55:25.806Z] >>> HTTP REQUEST POST https://firebasehosting.googleapis.com/v1beta1/sites/gdn-bot/versions  
 {"config":{"rewrites":[{"glob":"**","path":"/index.html"}]},"labels":{"deployment-tool":"cli-firebase"}}
[debug] [2021-08-17T15:55:27.455Z] <<< HTTP RESPONSE 200 {"content-type":"application/json; charset=UTF-8","vary":"X-Origin, Referer, Origin,Accept-Encoding","date":"Tue, 17 Aug 2021 15:55:26 GMT","server":"ESF","cache-control":"private","x-xss-protection":"0","x-frame-options":"SAMEORIGIN","x-content-type-options":"nosniff","alt-svc":"h3=\":443\"; ma=2592000,h3-29=\":443\"; ma=2592000,h3-T051=\":443\"; ma=2592000,h3-Q050=\":443\"; ma=2592000,h3-Q046=\":443\"; ma=2592000,h3-Q043=\":443\"; ma=2592000,quic=\":443\"; ma=2592000; v=\"46,43\"","accept-ranges":"none","transfer-encoding":"chunked"}
[debug] [2021-08-17T15:55:27.456Z] >>> HTTP REQUEST GET https://firebaserules.googleapis.com/v1/projects/gdn-bot/releases?pageSize=10&pageToken=  
 
[debug] [2021-08-17T15:55:27.456Z] >>> HTTP REQUEST GET https://firestore.googleapis.com/v1/projects/gdn-bot/databases/(default)/collectionGroups/-/indexes  
 
[debug] [2021-08-17T15:55:27.733Z] <<< HTTP RESPONSE 200 {"content-type":"application/json; charset=UTF-8","vary":"X-Origin, Referer, Origin,Accept-Encoding","date":"Tue, 17 Aug 2021 15:55:26 GMT","server":"ESF","cache-control":"private","x-xss-protection":"0","x-frame-options":"SAMEORIGIN","x-content-type-options":"nosniff","alt-svc":"h3=\":443\"; ma=2592000,h3-29=\":443\"; ma=2592000,h3-T051=\":443\"; ma=2592000,h3-Q050=\":443\"; ma=2592000,h3-Q046=\":443\"; ma=2592000,h3-Q043=\":443\"; ma=2592000,quic=\":443\"; ma=2592000; v=\"46,43\"","accept-ranges":"none","transfer-encoding":"chunked"}
[debug] [2021-08-17T15:55:27.733Z] >>> HTTP REQUEST GET https://firestore.googleapis.com/v1/projects/gdn-bot/databases/(default)/collectionGroups/-/fields?filter=indexConfig.usesAncestorConfig=false  
 
[debug] [2021-08-17T15:55:27.999Z] <<< HTTP RESPONSE 200 {"content-type":"application/json; charset=UTF-8","vary":"X-Origin, Referer, Origin,Accept-Encoding","date":"Tue, 17 Aug 2021 15:55:26 GMT","server":"ESF","cache-control":"private","x-xss-protection":"0","x-frame-options":"SAMEORIGIN","x-content-type-options":"nosniff","alt-svc":"h3=\":443\"; ma=2592000,h3-29=\":443\"; ma=2592000,h3-T051=\":443\"; ma=2592000,h3-Q050=\":443\"; ma=2592000,h3-Q046=\":443\"; ma=2592000,h3-Q043=\":443\"; ma=2592000,quic=\":443\"; ma=2592000; v=\"46,43\"","accept-ranges":"none","transfer-encoding":"chunked"}
[info] +  firestore: deployed indexes in firestore.indexes.json successfully 
[debug] [2021-08-17T15:55:28.139Z] <<< HTTP RESPONSE 200 {"content-type":"application/json; charset=UTF-8","vary":"X-Origin, Referer, Origin,Accept-Encoding","date":"Tue, 17 Aug 2021 15:55:26 GMT","server":"ESF","cache-control":"private","x-xss-protection":"0","x-frame-options":"SAMEORIGIN","x-content-type-options":"nosniff","alt-svc":"h3=\":443\"; ma=2592000,h3-29=\":443\"; ma=2592000,h3-T051=\":443\"; ma=2592000,h3-Q050=\":443\"; ma=2592000,h3-Q046=\":443\"; ma=2592000,h3-Q043=\":443\"; ma=2592000,quic=\":443\"; ma=2592000; v=\"46,43\"","accept-ranges":"none","transfer-encoding":"chunked"}
[debug] [2021-08-17T15:55:28.140Z] >>> HTTP REQUEST GET https://firebaserules.googleapis.com/v1/projects/gdn-bot/rulesets/96c48765-c720-4208-8cf9-46a07b24745f  
 
[debug] [2021-08-17T15:55:28.839Z] <<< HTTP RESPONSE 200 {"content-type":"application/json; charset=UTF-8","vary":"X-Origin, Referer, Origin,Accept-Encoding","date":"Tue, 17 Aug 2021 15:55:27 GMT","server":"ESF","cache-control":"private","x-xss-protection":"0","x-frame-options":"SAMEORIGIN","x-content-type-options":"nosniff","alt-svc":"h3=\":443\"; ma=2592000,h3-29=\":443\"; ma=2592000,h3-T051=\":443\"; ma=2592000,h3-Q050=\":443\"; ma=2592000,h3-Q046=\":443\"; ma=2592000,h3-Q043=\":443\"; ma=2592000,quic=\":443\"; ma=2592000; v=\"46,43\"","accept-ranges":"none","transfer-encoding":"chunked"}
[info] i  firestore: latest version of firestore.rules already up to date, skipping upload... 
[debug] [2021-08-17T15:55:28.840Z] [functions] found 1 new HTTP functions, testing setIamPolicy permission...
[debug] [2021-08-17T15:55:28.841Z] >>> HTTP REQUEST POST https://cloudresourcemanager.googleapis.com/v1/projects/gdn-bot:testIamPermissions  
 {"permissions":["cloudfunctions.functions.setIamPolicy"]}
[debug] [2021-08-17T15:55:29.533Z] <<< HTTP RESPONSE 200 {"content-type":"application/json; charset=UTF-8","vary":"X-Origin, Referer, Origin,Accept-Encoding","date":"Tue, 17 Aug 2021 15:55:28 GMT","server":"ESF","cache-control":"private","x-xss-protection":"0","x-frame-options":"SAMEORIGIN","x-content-type-options":"nosniff","server-timing":"gfet4t7; dur=635","alt-svc":"h3=\":443\"; ma=2592000,h3-29=\":443\"; ma=2592000,h3-T051=\":443\"; ma=2592000,h3-Q050=\":443\"; ma=2592000,h3-Q046=\":443\"; ma=2592000,h3-Q043=\":443\"; ma=2592000,quic=\":443\"; ma=2592000; v=\"46,43\"","accept-ranges":"none","transfer-encoding":"chunked"}
[debug] [2021-08-17T15:55:29.533Z] [functions] found setIamPolicy permission, proceeding with deploy
[debug] [2021-08-17T15:55:29.534Z] >>> HTTP REQUEST POST https://cloudfunctions.googleapis.com/v1/projects/gdn-bot/locations/us-central1/functions:generateUploadUrl  
 
[debug] [2021-08-17T15:55:39.040Z] <<< HTTP RESPONSE 200 {"content-type":"application/json; charset=UTF-8","vary":"X-Origin, Referer, Origin,Accept-Encoding","date":"Tue, 17 Aug 2021 15:55:37 GMT","server":"ESF","cache-control":"private","x-xss-protection":"0","x-frame-options":"SAMEORIGIN","x-content-type-options":"nosniff","alt-svc":"h3=\":443\"; ma=2592000,h3-29=\":443\"; ma=2592000,h3-T051=\":443\"; ma=2592000,h3-Q050=\":443\"; ma=2592000,h3-Q046=\":443\"; ma=2592000,h3-Q043=\":443\"; ma=2592000,quic=\":443\"; ma=2592000; v=\"46,43\"","accept-ranges":"none","transfer-encoding":"chunked"}
[debug] [2021-08-17T15:55:39.041Z] >>> HTTP REQUEST PUT https://storage.googleapis.com/gcf-upload-us-central1-827dd254-fa12-4e0a-a260-ecd42fe44003/8cd06d96-37ff-49c6-a788-b537d2934799.zip?GoogleAccessId=service-621639358864@gcf-admin-robot.iam.gserviceaccount.com&Expires=1629217537&Signature=QBXgeLLRED40Es%2FBkUi4pZbfJwX5Qx9tq6tGehIS2T8zGmqdItGwDylfdKVZnpiCDQrdjwd6fnv6dIoAflbl5xZi6MbF3TZuvYG4wsjGLJBLQyrYTl4Lk8XY6FQEdOVIBduRM6narFgcC5Qyoosg53yLcJSPj%2BP5X%2FFtBZsBlte92d%2B2Tdr0Y3OGtulFB9jMMlrFVQkjAw1g3ZTlso1%2BclM5RIj1PK006QNpshRhMpU1rbll8y%2BUs%2FQczIKB%2FEDFRE%2FC%2FsYwmP3w1xOKkWdu8Q8ClFoRb7yYQY2%2B0EyxwuVzlZf906Zvh0AKYpre8anVtvs8Lw%2BK6Iy85DFE4zy0GQ%3D%3D  
 <request body omitted>
[debug] [2021-08-17T15:55:39.556Z] <<< HTTP RESPONSE 200 {"x-guploader-uploadid":"ADPycdsLBsG4ijl5bluXEB09j2WBialDJkW_o-4xZ4nrlSb1RXefZYZ7zQ6clTm8bsDKCWilGfsCi5KzqLo3py_GzJc","etag":"\"3d188ece83571fd7ef55584270581f6f\"","x-goog-generation":"1629215738180182","x-goog-metageneration":"1","x-goog-hash":"crc32c=/lHqTA==, md5=PRiOzoNXH9fvVVhCcFgfbw==","x-goog-stored-content-length":"35893","x-goog-stored-content-encoding":"identity","vary":"Origin","content-length":"0","date":"Tue, 17 Aug 2021 15:55:38 GMT","server":"UploadServer","content-type":"text/html; charset=UTF-8","alt-svc":"h3=\":443\"; ma=2592000,h3-29=\":443\"; ma=2592000,h3-T051=\":443\"; ma=2592000,h3-Q050=\":443\"; ma=2592000,h3-Q046=\":443\"; ma=2592000,h3-Q043=\":443\"; ma=2592000,quic=\":443\"; ma=2592000; v=\"46,43\""}
[info] +  functions: functions folder uploaded successfully 
[info] i  hosting[gdn-bot]: beginning deploy... 
[info] i  hosting[gdn-bot]: found 32 files in dist/spa 
[debug] [2021-08-17T15:55:39.634Z] [hosting] hash cache [ZGlzdFxzcGE] not populated
[debug] [2021-08-17T15:55:39.779Z] > refreshing access token with scopes: []
[debug] [2021-08-17T15:55:39.780Z] >>> HTTP REQUEST POST https://www.googleapis.com/oauth2/v3/token  
 <request body omitted>
[debug] [2021-08-17T15:55:39.782Z] [hosting] hash cache [ZGlzdFxzcGE] stored for 32 files
[debug] [2021-08-17T15:55:39.782Z] [hosting][hash queue][FINAL] {"max":137,"min":80,"avg":98.6875,"active":0,"complete":32,"success":32,"errored":0,"retried":0,"total":32,"elapsed":147}
[debug] [2021-08-17T15:55:39.887Z] <<< HTTP RESPONSE 200 {"pragma":"no-cache","cache-control":"no-cache, no-store, max-age=0, must-revalidate","date":"Tue, 17 Aug 2021 15:55:38 GMT","expires":"Mon, 01 Jan 1990 00:00:00 GMT","content-type":"application/json; charset=utf-8","vary":"X-Origin, Referer, Origin,Accept-Encoding","server":"scaffolding on HTTPServer2","x-xss-protection":"0","x-frame-options":"SAMEORIGIN","x-content-type-options":"nosniff","alt-svc":"h3=\":443\"; ma=2592000,h3-29=\":443\"; ma=2592000,h3-T051=\":443\"; ma=2592000,h3-Q050=\":443\"; ma=2592000,h3-Q046=\":443\"; ma=2592000,h3-Q043=\":443\"; ma=2592000,quic=\":443\"; ma=2592000; v=\"46,43\"","accept-ranges":"none","transfer-encoding":"chunked"}
[debug] [2021-08-17T15:55:39.896Z] >>> [apiv2][query] POST https://firebasehosting.googleapis.com/v1beta1/sites/gdn-bot/versions/c3640dbf793b7233:populateFiles [none]
[debug] [2021-08-17T15:55:39.896Z] >>> [apiv2][body] POST https://firebasehosting.googleapis.com/v1beta1/sites/gdn-bot/versions/c3640dbf793b7233:populateFiles {"files":{"/index.html":"a84a23e5e22c93e17d88812c386de8bd3e784fab223d66e644035e9619a5e3d0","/css/310.c1a068d9.css":"7645b7fca080f65b1bb4294f7e6fb4ba8ff7599d5719651c9af85fc1889dfa86","/css/731.e2b5f805.css":"a70152d24da17c9041362af3332b195edd7bf38738cc4afaf149b8b40d6fadfa","/css/app.e2a0de1b.css":"60896f191c6c6df42b95adafe60e6b38e8d708e9fa1f49ffc528f52b94eb7982","/icons/favicon-16x16.png":"74714bd676e252200e430e1bdf0760a1a75b91ee74e5b5cc04059c8411dbe8a4","/icons/favicon-32x32.png":"0d0626a2fc39171f595a2c02564f9994757d5e01ac4ab2626292c3a3aec6f2d3","/js/266.933ee4ad.js":"512298b60e135518d0b38bf20a85b32b2a1ce4e05c2122692214ba77569627ea","/js/310.2b7e23eb.js":"74842458a0baa69797d1ff8a563d7281cfc8eb2491530b7e65354e7bd90048de","/js/531.049548c8.js":"e7b9074e5eba733369b0f19ae455442c0c4678143d592005bed458f19e150b5f","/js/731.5a7489a9.js":"6eb5e379cda2b8e97db20bd43c6846b3c1b35bc1a8faefd4def25391263289c4","/js/app.0ee4ae60.js":"3f58884f7ba78bf078cf0fdd2b3791f32d241f8958f73f9b8b54559e00479b2e","/fonts/KFOlCnqEu92Fr1MmEU9fBBc-.ddd11dab.woff":"7d7b25b16a200eae3e71cd159bcb087153381a0a3458382548b3e6307c58a560","/fonts/KFOkCnqEu92Fr1MmgVxIIzQ.9391e6e2.woff":"c77819ea28fd561ac0717d753d1c96e366be4d37b2caff2fd8f265c63a965f11","/fonts/KFOlCnqEu92Fr1MmSU5fBBc-.877b9231.woff":"f3cea224ae91d705c7429468e23df014aed923a52fa87a571bd979fcca0617d5","/fonts/KFOmCnqEu92Fr1Mu4mxM.9b78ea3b.woff":"1c5c4fe684db962f8c0903a1abd21a16c0669b9d85b11013dd90383af0a9d1e5","/fonts/KFOlCnqEu92Fr1MmWUlfBBc-.0344cc3c.woff":"03c732d597d044815da84d7f7a2b93ec210384d6c90b357d6a5d81e78bad6c9e","/fonts/KFOlCnqEu92Fr1MmYUtfBBc-.b555d228.woff":"6b68f5d1362ef58827b480fa59f8f9f4ffb4cf9f17ac846d1e265eb46955485b","/icons/favicon-96x96.png":"2050fdee8bd249619a4d41147d02295ad0b530783f4ff335218bc14b4b0367cc","/icons/favicon-128x128.png":"d95108c559d753030ed319747a5446b9bc8d2ff388374995946b4e8a75ab0618","/js/193.731f9855.js":"4d9181cdfe1c95c83cca3c4732664f2961cf41dd3b51956ecc210173c666b63f","/logo.png":"381444831f8213d621075ab6e26c8c52aecb2fd4d45c28cc0cc9eab16adbe8c8","/img/logo.e75b87fb.png":"381444831f8213d621075ab6e26c8c52aecb2fd4d45c28cc0cc9eab16adbe8c8","/css/266.106bb150.css":"94cdd0142670eeb5d617c23683f563dd4dae2559c4b9005eccf371b6dd35c43b","/fonts/flUhRq6tzZclQEJ-Vdg-IuiaDsNcIhQ8tQ.49dcbc98.woff2":"22d269c2fe409382f1e0e17e230dd7914f635dd786b1a59e557b63ce44143257","/favicon.ico":"0cf512750846765f7c03c32e527d30f6e09f2374f0f2bd7a0578377167c0f191","/fonts/flUhRq6tzZclQEJ-Vdg-IuiaDsNa.7d512ef7.woff":"1dd021ad27593c0fb1a337058def944fba217545ba124fc8f766c24688b7d2f9","/img/drawer_bg_dark.825dfb28.jpg":"b7c27c0ba8c839bb8527282e40685187c43f1ab2f5238ded2a378b1b41616cbb","/fonts/materialdesignicons-webfont.e9db4005.woff2":"8b96dd5ba19190e80d3c45ca9e52db2a1ae875b54a24929678d3ec0c1eb3c7de","/css/vendor.a49115cc.css":"94dea757f37879d09bb103aa4ea73abe019bc5598269b0af18ef1470d12cbab0","/fonts/materialdesignicons-webfont.d8e8e0f7.woff":"fa21cd139204611cb3adc4309cbd6ac421ee49d84ca51e04851b8ad4ce415964","/img/drawer_bg_light.e83ed253.jpg":"21ea42a5e719237112b8b4dfa5bcacd0140af9e2573a10464821fbae534b6b1f","/js/vendor.b29d0787.js":"fbb58bbbae28e21686bfb1391cd1a85e55924b1da31bf1a63fc60e2cf6b961b6"}}
[debug] [2021-08-17T15:55:41.223Z] <<< [apiv2][status] POST https://firebasehosting.googleapis.com/v1beta1/sites/gdn-bot/versions/c3640dbf793b7233:populateFiles 200
[debug] [2021-08-17T15:55:41.223Z] <<< [apiv2][body] POST https://firebasehosting.googleapis.com/v1beta1/sites/gdn-bot/versions/c3640dbf793b7233:populateFiles {"uploadRequiredHashes":["512298b60e135518d0b38bf20a85b32b2a1ce4e05c2122692214ba77569627ea","74842458a0baa69797d1ff8a563d7281cfc8eb2491530b7e65354e7bd90048de","2050fdee8bd249619a4d41147d02295ad0b530783f4ff335218bc14b4b0367cc","6eb5e379cda2b8e97db20bd43c6846b3c1b35bc1a8faefd4def25391263289c4","4d9181cdfe1c95c83cca3c4732664f2961cf41dd3b51956ecc210173c666b63f","8b96dd5ba19190e80d3c45ca9e52db2a1ae875b54a24929678d3ec0c1eb3c7de","381444831f8213d621075ab6e26c8c52aecb2fd4d45c28cc0cc9eab16adbe8c8","a84a23e5e22c93e17d88812c386de8bd3e784fab223d66e644035e9619a5e3d0","c77819ea28fd561ac0717d753d1c96e366be4d37b2caff2fd8f265c63a965f11","94dea757f37879d09bb103aa4ea73abe019bc5598269b0af18ef1470d12cbab0","21ea42a5e719237112b8b4dfa5bcacd0140af9e2573a10464821fbae534b6b1f","6b68f5d1362ef58827b480fa59f8f9f4ffb4cf9f17ac846d1e265eb46955485b","1c5c4fe684db962f8c0903a1abd21a16c0669b9d85b11013dd90383af0a9d1e5","3f58884f7ba78bf078cf0fdd2b3791f32d241f8958f73f9b8b54559e00479b2e","7d7b25b16a200eae3e71cd159bcb087153381a0a3458382548b3e6307c58a560","fbb58bbbae28e21686bfb1391cd1a85e55924b1da31bf1a63fc60e2cf6b961b6","22d269c2fe409382f1e0e17e230dd7914f635dd786b1a59e557b63ce44143257","94cdd0142670eeb5d617c23683f563dd4dae2559c4b9005eccf371b6dd35c43b","60896f191c6c6df42b95adafe60e6b38e8d708e9fa1f49ffc528f52b94eb7982","d95108c559d753030ed319747a5446b9bc8d2ff388374995946b4e8a75ab0618","0cf512750846765f7c03c32e527d30f6e09f2374f0f2bd7a0578377167c0f191","e7b9074e5eba733369b0f19ae455442c0c4678143d592005bed458f19e150b5f","b7c27c0ba8c839bb8527282e40685187c43f1ab2f5238ded2a378b1b41616cbb","1dd021ad27593c0fb1a337058def944fba217545ba124fc8f766c24688b7d2f9","fa21cd139204611cb3adc4309cbd6ac421ee49d84ca51e04851b8ad4ce415964","03c732d597d044815da84d7f7a2b93ec210384d6c90b357d6a5d81e78bad6c9e","a70152d24da17c9041362af3332b195edd7bf38738cc4afaf149b8b40d6fadfa","74714bd676e252200e430e1bdf0760a1a75b91ee74e5b5cc04059c8411dbe8a4","f3cea224ae91d705c7429468e23df014aed923a52fa87a571bd979fcca0617d5","0d0626a2fc39171f595a2c02564f9994757d5e01ac4ab2626292c3a3aec6f2d3","7645b7fca080f65b1bb4294f7e6fb4ba8ff7599d5719651c9af85fc1889dfa86"],"uploadUrl":"https://upload-firebasehosting.googleapis.com/upload/sites/gdn-bot/versions/c3640dbf793b7233/files"}
[debug] [2021-08-17T15:55:41.230Z] >>> [apiv2][query] POST https://upload-firebasehosting.googleapis.com/upload/sites/gdn-bot/versions/c3640dbf793b7233/files/512298b60e135518d0b38bf20a85b32b2a1ce4e05c2122692214ba77569627ea [none]
[debug] [2021-08-17T15:55:41.230Z] >>> [apiv2][body] POST https://upload-firebasehosting.googleapis.com/upload/sites/gdn-bot/versions/c3640dbf793b7233/files/512298b60e135518d0b38bf20a85b32b2a1ce4e05c2122692214ba77569627ea [stream]
[debug] [2021-08-17T15:55:41.231Z] >>> [apiv2][query] POST https://upload-firebasehosting.googleapis.com/upload/sites/gdn-bot/versions/c3640dbf793b7233/files/74842458a0baa69797d1ff8a563d7281cfc8eb2491530b7e65354e7bd90048de [none]
[debug] [2021-08-17T15:55:41.231Z] >>> [apiv2][body] POST https://upload-firebasehosting.googleapis.com/upload/sites/gdn-bot/versions/c3640dbf793b7233/files/74842458a0baa69797d1ff8a563d7281cfc8eb2491530b7e65354e7bd90048de [stream]
[debug] [2021-08-17T15:55:41.231Z] >>> [apiv2][query] POST https://upload-firebasehosting.googleapis.com/upload/sites/gdn-bot/versions/c3640dbf793b7233/files/2050fdee8bd249619a4d41147d02295ad0b530783f4ff335218bc14b4b0367cc [none]
[debug] [2021-08-17T15:55:41.231Z] >>> [apiv2][body] POST https://upload-firebasehosting.googleapis.com/upload/sites/gdn-bot/versions/c3640dbf793b7233/files/2050fdee8bd249619a4d41147d02295ad0b530783f4ff335218bc14b4b0367cc [stream]
[debug] [2021-08-17T15:55:41.232Z] >>> [apiv2][query] POST https://upload-firebasehosting.googleapis.com/upload/sites/gdn-bot/versions/c3640dbf793b7233/files/6eb5e379cda2b8e97db20bd43c6846b3c1b35bc1a8faefd4def25391263289c4 [none]
[debug] [2021-08-17T15:55:41.232Z] >>> [apiv2][body] POST https://upload-firebasehosting.googleapis.com/upload/sites/gdn-bot/versions/c3640dbf793b7233/files/6eb5e379cda2b8e97db20bd43c6846b3c1b35bc1a8faefd4def25391263289c4 [stream]
[debug] [2021-08-17T15:55:41.232Z] >>> [apiv2][query] POST https://upload-firebasehosting.googleapis.com/upload/sites/gdn-bot/versions/c3640dbf793b7233/files/4d9181cdfe1c95c83cca3c4732664f2961cf41dd3b51956ecc210173c666b63f [none]
[debug] [2021-08-17T15:55:41.232Z] >>> [apiv2][body] POST https://upload-firebasehosting.googleapis.com/upload/sites/gdn-bot/versions/c3640dbf793b7233/files/4d9181cdfe1c95c83cca3c4732664f2961cf41dd3b51956ecc210173c666b63f [stream]
[debug] [2021-08-17T15:55:41.233Z] >>> [apiv2][query] POST https://upload-firebasehosting.googleapis.com/upload/sites/gdn-bot/versions/c3640dbf793b7233/files/8b96dd5ba19190e80d3c45ca9e52db2a1ae875b54a24929678d3ec0c1eb3c7de [none]
[debug] [2021-08-17T15:55:41.233Z] >>> [apiv2][body] POST https://upload-firebasehosting.googleapis.com/upload/sites/gdn-bot/versions/c3640dbf793b7233/files/8b96dd5ba19190e80d3c45ca9e52db2a1ae875b54a24929678d3ec0c1eb3c7de [stream]
[debug] [2021-08-17T15:55:41.233Z] >>> [apiv2][query] POST https://upload-firebasehosting.googleapis.com/upload/sites/gdn-bot/versions/c3640dbf793b7233/files/381444831f8213d621075ab6e26c8c52aecb2fd4d45c28cc0cc9eab16adbe8c8 [none]
[debug] [2021-08-17T15:55:41.233Z] >>> [apiv2][body] POST https://upload-firebasehosting.googleapis.com/upload/sites/gdn-bot/versions/c3640dbf793b7233/files/381444831f8213d621075ab6e26c8c52aecb2fd4d45c28cc0cc9eab16adbe8c8 [stream]
[debug] [2021-08-17T15:55:41.235Z] >>> [apiv2][query] POST https://upload-firebasehosting.googleapis.com/upload/sites/gdn-bot/versions/c3640dbf793b7233/files/a84a23e5e22c93e17d88812c386de8bd3e784fab223d66e644035e9619a5e3d0 [none]
[debug] [2021-08-17T15:55:41.235Z] >>> [apiv2][body] POST https://upload-firebasehosting.googleapis.com/upload/sites/gdn-bot/versions/c3640dbf793b7233/files/a84a23e5e22c93e17d88812c386de8bd3e784fab223d66e644035e9619a5e3d0 [stream]
[debug] [2021-08-17T15:55:41.235Z] >>> [apiv2][query] POST https://upload-firebasehosting.googleapis.com/upload/sites/gdn-bot/versions/c3640dbf793b7233/files/c77819ea28fd561ac0717d753d1c96e366be4d37b2caff2fd8f265c63a965f11 [none]
[debug] [2021-08-17T15:55:41.235Z] >>> [apiv2][body] POST https://upload-firebasehosting.googleapis.com/upload/sites/gdn-bot/versions/c3640dbf793b7233/files/c77819ea28fd561ac0717d753d1c96e366be4d37b2caff2fd8f265c63a965f11 [stream]
[debug] [2021-08-17T15:55:41.236Z] >>> [apiv2][query] POST https://upload-firebasehosting.googleapis.com/upload/sites/gdn-bot/versions/c3640dbf793b7233/files/94dea757f37879d09bb103aa4ea73abe019bc5598269b0af18ef1470d12cbab0 [none]
[debug] [2021-08-17T15:55:41.236Z] >>> [apiv2][body] POST https://upload-firebasehosting.googleapis.com/upload/sites/gdn-bot/versions/c3640dbf793b7233/files/94dea757f37879d09bb103aa4ea73abe019bc5598269b0af18ef1470d12cbab0 [stream]
[debug] [2021-08-17T15:55:41.236Z] >>> [apiv2][query] POST https://upload-firebasehosting.googleapis.com/upload/sites/gdn-bot/versions/c3640dbf793b7233/files/21ea42a5e719237112b8b4dfa5bcacd0140af9e2573a10464821fbae534b6b1f [none]
[debug] [2021-08-17T15:55:41.236Z] >>> [apiv2][body] POST https://upload-firebasehosting.googleapis.com/upload/sites/gdn-bot/versions/c3640dbf793b7233/files/21ea42a5e719237112b8b4dfa5bcacd0140af9e2573a10464821fbae534b6b1f [stream]
[debug] [2021-08-17T15:55:41.237Z] >>> [apiv2][query] POST https://upload-firebasehosting.googleapis.com/upload/sites/gdn-bot/versions/c3640dbf793b7233/files/6b68f5d1362ef58827b480fa59f8f9f4ffb4cf9f17ac846d1e265eb46955485b [none]
[debug] [2021-08-17T15:55:41.237Z] >>> [apiv2][body] POST https://upload-firebasehosting.googleapis.com/upload/sites/gdn-bot/versions/c3640dbf793b7233/files/6b68f5d1362ef58827b480fa59f8f9f4ffb4cf9f17ac846d1e265eb46955485b [stream]
[debug] [2021-08-17T15:55:41.237Z] >>> [apiv2][query] POST https://upload-firebasehosting.googleapis.com/upload/sites/gdn-bot/versions/c3640dbf793b7233/files/1c5c4fe684db962f8c0903a1abd21a16c0669b9d85b11013dd90383af0a9d1e5 [none]
[debug] [2021-08-17T15:55:41.237Z] >>> [apiv2][body] POST https://upload-firebasehosting.googleapis.com/upload/sites/gdn-bot/versions/c3640dbf793b7233/files/1c5c4fe684db962f8c0903a1abd21a16c0669b9d85b11013dd90383af0a9d1e5 [stream]
[debug] [2021-08-17T15:55:41.238Z] >>> [apiv2][query] POST https://upload-firebasehosting.googleapis.com/upload/sites/gdn-bot/versions/c3640dbf793b7233/files/3f58884f7ba78bf078cf0fdd2b3791f32d241f8958f73f9b8b54559e00479b2e [none]
[debug] [2021-08-17T15:55:41.238Z] >>> [apiv2][body] POST https://upload-firebasehosting.googleapis.com/upload/sites/gdn-bot/versions/c3640dbf793b7233/files/3f58884f7ba78bf078cf0fdd2b3791f32d241f8958f73f9b8b54559e00479b2e [stream]
[debug] [2021-08-17T15:55:41.238Z] >>> [apiv2][query] POST https://upload-firebasehosting.googleapis.com/upload/sites/gdn-bot/versions/c3640dbf793b7233/files/7d7b25b16a200eae3e71cd159bcb087153381a0a3458382548b3e6307c58a560 [none]
[debug] [2021-08-17T15:55:41.238Z] >>> [apiv2][body] POST https://upload-firebasehosting.googleapis.com/upload/sites/gdn-bot/versions/c3640dbf793b7233/files/7d7b25b16a200eae3e71cd159bcb087153381a0a3458382548b3e6307c58a560 [stream]
[debug] [2021-08-17T15:55:41.239Z] >>> [apiv2][query] POST https://upload-firebasehosting.googleapis.com/upload/sites/gdn-bot/versions/c3640dbf793b7233/files/fbb58bbbae28e21686bfb1391cd1a85e55924b1da31bf1a63fc60e2cf6b961b6 [none]
[debug] [2021-08-17T15:55:41.239Z] >>> [apiv2][body] POST https://upload-firebasehosting.googleapis.com/upload/sites/gdn-bot/versions/c3640dbf793b7233/files/fbb58bbbae28e21686bfb1391cd1a85e55924b1da31bf1a63fc60e2cf6b961b6 [stream]
[debug] [2021-08-17T15:55:41.239Z] >>> [apiv2][query] POST https://upload-firebasehosting.googleapis.com/upload/sites/gdn-bot/versions/c3640dbf793b7233/files/22d269c2fe409382f1e0e17e230dd7914f635dd786b1a59e557b63ce44143257 [none]
[debug] [2021-08-17T15:55:41.240Z] >>> [apiv2][body] POST https://upload-firebasehosting.googleapis.com/upload/sites/gdn-bot/versions/c3640dbf793b7233/files/22d269c2fe409382f1e0e17e230dd7914f635dd786b1a59e557b63ce44143257 [stream]
[debug] [2021-08-17T15:55:41.240Z] >>> [apiv2][query] POST https://upload-firebasehosting.googleapis.com/upload/sites/gdn-bot/versions/c3640dbf793b7233/files/94cdd0142670eeb5d617c23683f563dd4dae2559c4b9005eccf371b6dd35c43b [none]
[debug] [2021-08-17T15:55:41.240Z] >>> [apiv2][body] POST https://upload-firebasehosting.googleapis.com/upload/sites/gdn-bot/versions/c3640dbf793b7233/files/94cdd0142670eeb5d617c23683f563dd4dae2559c4b9005eccf371b6dd35c43b [stream]
[debug] [2021-08-17T15:55:41.240Z] >>> [apiv2][query] POST https://upload-firebasehosting.googleapis.com/upload/sites/gdn-bot/versions/c3640dbf793b7233/files/60896f191c6c6df42b95adafe60e6b38e8d708e9fa1f49ffc528f52b94eb7982 [none]
[debug] [2021-08-17T15:55:41.240Z] >>> [apiv2][body] POST https://upload-firebasehosting.googleapis.com/upload/sites/gdn-bot/versions/c3640dbf793b7233/files/60896f191c6c6df42b95adafe60e6b38e8d708e9fa1f49ffc528f52b94eb7982 [stream]
[debug] [2021-08-17T15:55:41.241Z] >>> [apiv2][query] POST https://upload-firebasehosting.googleapis.com/upload/sites/gdn-bot/versions/c3640dbf793b7233/files/d95108c559d753030ed319747a5446b9bc8d2ff388374995946b4e8a75ab0618 [none]
[debug] [2021-08-17T15:55:41.241Z] >>> [apiv2][body] POST https://upload-firebasehosting.googleapis.com/upload/sites/gdn-bot/versions/c3640dbf793b7233/files/d95108c559d753030ed319747a5446b9bc8d2ff388374995946b4e8a75ab0618 [stream]
[debug] [2021-08-17T15:55:41.242Z] >>> [apiv2][query] POST https://upload-firebasehosting.googleapis.com/upload/sites/gdn-bot/versions/c3640dbf793b7233/files/0cf512750846765f7c03c32e527d30f6e09f2374f0f2bd7a0578377167c0f191 [none]
[debug] [2021-08-17T15:55:41.242Z] >>> [apiv2][body] POST https://upload-firebasehosting.googleapis.com/upload/sites/gdn-bot/versions/c3640dbf793b7233/files/0cf512750846765f7c03c32e527d30f6e09f2374f0f2bd7a0578377167c0f191 [stream]
[debug] [2021-08-17T15:55:41.243Z] >>> [apiv2][query] POST https://upload-firebasehosting.googleapis.com/upload/sites/gdn-bot/versions/c3640dbf793b7233/files/e7b9074e5eba733369b0f19ae455442c0c4678143d592005bed458f19e150b5f [none]
[debug] [2021-08-17T15:55:41.243Z] >>> [apiv2][body] POST https://upload-firebasehosting.googleapis.com/upload/sites/gdn-bot/versions/c3640dbf793b7233/files/e7b9074e5eba733369b0f19ae455442c0c4678143d592005bed458f19e150b5f [stream]
[debug] [2021-08-17T15:55:41.243Z] >>> [apiv2][query] POST https://upload-firebasehosting.googleapis.com/upload/sites/gdn-bot/versions/c3640dbf793b7233/files/b7c27c0ba8c839bb8527282e40685187c43f1ab2f5238ded2a378b1b41616cbb [none]
[debug] [2021-08-17T15:55:41.243Z] >>> [apiv2][body] POST https://upload-firebasehosting.googleapis.com/upload/sites/gdn-bot/versions/c3640dbf793b7233/files/b7c27c0ba8c839bb8527282e40685187c43f1ab2f5238ded2a378b1b41616cbb [stream]
[debug] [2021-08-17T15:55:41.243Z] >>> [apiv2][query] POST https://upload-firebasehosting.googleapis.com/upload/sites/gdn-bot/versions/c3640dbf793b7233/files/1dd021ad27593c0fb1a337058def944fba217545ba124fc8f766c24688b7d2f9 [none]
[debug] [2021-08-17T15:55:41.244Z] >>> [apiv2][body] POST https://upload-firebasehosting.googleapis.com/upload/sites/gdn-bot/versions/c3640dbf793b7233/files/1dd021ad27593c0fb1a337058def944fba217545ba124fc8f766c24688b7d2f9 [stream]
[debug] [2021-08-17T15:55:41.244Z] >>> [apiv2][query] POST https://upload-firebasehosting.googleapis.com/upload/sites/gdn-bot/versions/c3640dbf793b7233/files/fa21cd139204611cb3adc4309cbd6ac421ee49d84ca51e04851b8ad4ce415964 [none]
[debug] [2021-08-17T15:55:41.244Z] >>> [apiv2][body] POST https://upload-firebasehosting.googleapis.com/upload/sites/gdn-bot/versions/c3640dbf793b7233/files/fa21cd139204611cb3adc4309cbd6ac421ee49d84ca51e04851b8ad4ce415964 [stream]
[debug] [2021-08-17T15:55:41.244Z] >>> [apiv2][query] POST https://upload-firebasehosting.googleapis.com/upload/sites/gdn-bot/versions/c3640dbf793b7233/files/03c732d597d044815da84d7f7a2b93ec210384d6c90b357d6a5d81e78bad6c9e [none]
[debug] [2021-08-17T15:55:41.244Z] >>> [apiv2][body] POST https://upload-firebasehosting.googleapis.com/upload/sites/gdn-bot/versions/c3640dbf793b7233/files/03c732d597d044815da84d7f7a2b93ec210384d6c90b357d6a5d81e78bad6c9e [stream]
[debug] [2021-08-17T15:55:41.245Z] >>> [apiv2][query] POST https://upload-firebasehosting.googleapis.com/upload/sites/gdn-bot/versions/c3640dbf793b7233/files/a70152d24da17c9041362af3332b195edd7bf38738cc4afaf149b8b40d6fadfa [none]
[debug] [2021-08-17T15:55:41.245Z] >>> [apiv2][body] POST https://upload-firebasehosting.googleapis.com/upload/sites/gdn-bot/versions/c3640dbf793b7233/files/a70152d24da17c9041362af3332b195edd7bf38738cc4afaf149b8b40d6fadfa [stream]
[debug] [2021-08-17T15:55:41.245Z] >>> [apiv2][query] POST https://upload-firebasehosting.googleapis.com/upload/sites/gdn-bot/versions/c3640dbf793b7233/files/74714bd676e252200e430e1bdf0760a1a75b91ee74e5b5cc04059c8411dbe8a4 [none]
[debug] [2021-08-17T15:55:41.245Z] >>> [apiv2][body] POST https://upload-firebasehosting.googleapis.com/upload/sites/gdn-bot/versions/c3640dbf793b7233/files/74714bd676e252200e430e1bdf0760a1a75b91ee74e5b5cc04059c8411dbe8a4 [stream]
[debug] [2021-08-17T15:55:41.246Z] >>> [apiv2][query] POST https://upload-firebasehosting.googleapis.com/upload/sites/gdn-bot/versions/c3640dbf793b7233/files/f3cea224ae91d705c7429468e23df014aed923a52fa87a571bd979fcca0617d5 [none]
[debug] [2021-08-17T15:55:41.246Z] >>> [apiv2][body] POST https://upload-firebasehosting.googleapis.com/upload/sites/gdn-bot/versions/c3640dbf793b7233/files/f3cea224ae91d705c7429468e23df014aed923a52fa87a571bd979fcca0617d5 [stream]
[debug] [2021-08-17T15:55:41.246Z] >>> [apiv2][query] POST https://upload-firebasehosting.googleapis.com/upload/sites/gdn-bot/versions/c3640dbf793b7233/files/0d0626a2fc39171f595a2c02564f9994757d5e01ac4ab2626292c3a3aec6f2d3 [none]
[debug] [2021-08-17T15:55:41.246Z] >>> [apiv2][body] POST https://upload-firebasehosting.googleapis.com/upload/sites/gdn-bot/versions/c3640dbf793b7233/files/0d0626a2fc39171f595a2c02564f9994757d5e01ac4ab2626292c3a3aec6f2d3 [stream]
[debug] [2021-08-17T15:55:41.246Z] >>> [apiv2][query] POST https://upload-firebasehosting.googleapis.com/upload/sites/gdn-bot/versions/c3640dbf793b7233/files/7645b7fca080f65b1bb4294f7e6fb4ba8ff7599d5719651c9af85fc1889dfa86 [none]
[debug] [2021-08-17T15:55:41.246Z] >>> [apiv2][body] POST https://upload-firebasehosting.googleapis.com/upload/sites/gdn-bot/versions/c3640dbf793b7233/files/7645b7fca080f65b1bb4294f7e6fb4ba8ff7599d5719651c9af85fc1889dfa86 [stream]
[debug] [2021-08-17T15:55:41.247Z] [hosting][populate queue][FINAL] {"max":1451,"min":1451,"avg":1451,"active":0,"complete":1,"success":1,"errored":0,"retried":0,"total":1,"elapsed":1468}
[debug] [2021-08-17T15:55:41.247Z] [hosting] uploads queued: 31
[debug] [2021-08-17T15:55:42.466Z] <<< [apiv2][status] POST https://upload-firebasehosting.googleapis.com/upload/sites/gdn-bot/versions/c3640dbf793b7233/files/6b68f5d1362ef58827b480fa59f8f9f4ffb4cf9f17ac846d1e265eb46955485b 200
[debug] [2021-08-17T15:55:42.466Z] <<< [apiv2][body] POST https://upload-firebasehosting.googleapis.com/upload/sites/gdn-bot/versions/c3640dbf793b7233/files/6b68f5d1362ef58827b480fa59f8f9f4ffb4cf9f17ac846d1e265eb46955485b [stream]
[debug] [2021-08-17T15:55:42.541Z] <<< [apiv2][status] POST https://upload-firebasehosting.googleapis.com/upload/sites/gdn-bot/versions/c3640dbf793b7233/files/0d0626a2fc39171f595a2c02564f9994757d5e01ac4ab2626292c3a3aec6f2d3 200
[debug] [2021-08-17T15:55:42.541Z] <<< [apiv2][body] POST https://upload-firebasehosting.googleapis.com/upload/sites/gdn-bot/versions/c3640dbf793b7233/files/0d0626a2fc39171f595a2c02564f9994757d5e01ac4ab2626292c3a3aec6f2d3 [stream]
[debug] [2021-08-17T15:55:42.552Z] <<< [apiv2][status] POST https://upload-firebasehosting.googleapis.com/upload/sites/gdn-bot/versions/c3640dbf793b7233/files/7d7b25b16a200eae3e71cd159bcb087153381a0a3458382548b3e6307c58a560 200
[debug] [2021-08-17T15:55:42.552Z] <<< [apiv2][body] POST https://upload-firebasehosting.googleapis.com/upload/sites/gdn-bot/versions/c3640dbf793b7233/files/7d7b25b16a200eae3e71cd159bcb087153381a0a3458382548b3e6307c58a560 [stream]
[debug] [2021-08-17T15:55:42.555Z] <<< [apiv2][status] POST https://upload-firebasehosting.googleapis.com/upload/sites/gdn-bot/versions/c3640dbf793b7233/files/6eb5e379cda2b8e97db20bd43c6846b3c1b35bc1a8faefd4def25391263289c4 200
[debug] [2021-08-17T15:55:42.555Z] <<< [apiv2][body] POST https://upload-firebasehosting.googleapis.com/upload/sites/gdn-bot/versions/c3640dbf793b7233/files/6eb5e379cda2b8e97db20bd43c6846b3c1b35bc1a8faefd4def25391263289c4 [stream]
[debug] [2021-08-17T15:55:42.573Z] <<< [apiv2][status] POST https://upload-firebasehosting.googleapis.com/upload/sites/gdn-bot/versions/c3640dbf793b7233/files/3f58884f7ba78bf078cf0fdd2b3791f32d241f8958f73f9b8b54559e00479b2e 200
[debug] [2021-08-17T15:55:42.573Z] <<< [apiv2][body] POST https://upload-firebasehosting.googleapis.com/upload/sites/gdn-bot/versions/c3640dbf793b7233/files/3f58884f7ba78bf078cf0fdd2b3791f32d241f8958f73f9b8b54559e00479b2e [stream]
[debug] [2021-08-17T15:55:42.578Z] <<< [apiv2][status] POST https://upload-firebasehosting.googleapis.com/upload/sites/gdn-bot/versions/c3640dbf793b7233/files/4d9181cdfe1c95c83cca3c4732664f2961cf41dd3b51956ecc210173c666b63f 200
[debug] [2021-08-17T15:55:42.578Z] <<< [apiv2][body] POST https://upload-firebasehosting.googleapis.com/upload/sites/gdn-bot/versions/c3640dbf793b7233/files/4d9181cdfe1c95c83cca3c4732664f2961cf41dd3b51956ecc210173c666b63f [stream]
[debug] [2021-08-17T15:55:42.595Z] <<< [apiv2][status] POST https://upload-firebasehosting.googleapis.com/upload/sites/gdn-bot/versions/c3640dbf793b7233/files/a84a23e5e22c93e17d88812c386de8bd3e784fab223d66e644035e9619a5e3d0 200
[debug] [2021-08-17T15:55:42.595Z] <<< [apiv2][body] POST https://upload-firebasehosting.googleapis.com/upload/sites/gdn-bot/versions/c3640dbf793b7233/files/a84a23e5e22c93e17d88812c386de8bd3e784fab223d66e644035e9619a5e3d0 [stream]
[debug] [2021-08-17T15:55:42.659Z] <<< [apiv2][status] POST https://upload-firebasehosting.googleapis.com/upload/sites/gdn-bot/versions/c3640dbf793b7233/files/7645b7fca080f65b1bb4294f7e6fb4ba8ff7599d5719651c9af85fc1889dfa86 200
[debug] [2021-08-17T15:55:42.660Z] <<< [apiv2][body] POST https://upload-firebasehosting.googleapis.com/upload/sites/gdn-bot/versions/c3640dbf793b7233/files/7645b7fca080f65b1bb4294f7e6fb4ba8ff7599d5719651c9af85fc1889dfa86 [stream]
[debug] [2021-08-17T15:55:42.672Z] <<< [apiv2][status] POST https://upload-firebasehosting.googleapis.com/upload/sites/gdn-bot/versions/c3640dbf793b7233/files/e7b9074e5eba733369b0f19ae455442c0c4678143d592005bed458f19e150b5f 200
[debug] [2021-08-17T15:55:42.672Z] <<< [apiv2][body] POST https://upload-firebasehosting.googleapis.com/upload/sites/gdn-bot/versions/c3640dbf793b7233/files/e7b9074e5eba733369b0f19ae455442c0c4678143d592005bed458f19e150b5f [stream]
[debug] [2021-08-17T15:55:42.696Z] <<< [apiv2][status] POST https://upload-firebasehosting.googleapis.com/upload/sites/gdn-bot/versions/c3640dbf793b7233/files/512298b60e135518d0b38bf20a85b32b2a1ce4e05c2122692214ba77569627ea 200
[debug] [2021-08-17T15:55:42.696Z] <<< [apiv2][body] POST https://upload-firebasehosting.googleapis.com/upload/sites/gdn-bot/versions/c3640dbf793b7233/files/512298b60e135518d0b38bf20a85b32b2a1ce4e05c2122692214ba77569627ea [stream]
[debug] [2021-08-17T15:55:42.709Z] <<< [apiv2][status] POST https://upload-firebasehosting.googleapis.com/upload/sites/gdn-bot/versions/c3640dbf793b7233/files/22d269c2fe409382f1e0e17e230dd7914f635dd786b1a59e557b63ce44143257 200
[debug] [2021-08-17T15:55:42.709Z] <<< [apiv2][body] POST https://upload-firebasehosting.googleapis.com/upload/sites/gdn-bot/versions/c3640dbf793b7233/files/22d269c2fe409382f1e0e17e230dd7914f635dd786b1a59e557b63ce44143257 [stream]
[debug] [2021-08-17T15:55:42.717Z] <<< [apiv2][status] POST https://upload-firebasehosting.googleapis.com/upload/sites/gdn-bot/versions/c3640dbf793b7233/files/1c5c4fe684db962f8c0903a1abd21a16c0669b9d85b11013dd90383af0a9d1e5 200
[debug] [2021-08-17T15:55:42.717Z] <<< [apiv2][body] POST https://upload-firebasehosting.googleapis.com/upload/sites/gdn-bot/versions/c3640dbf793b7233/files/1c5c4fe684db962f8c0903a1abd21a16c0669b9d85b11013dd90383af0a9d1e5 [stream]
[debug] [2021-08-17T15:55:42.813Z] <<< [apiv2][status] POST https://upload-firebasehosting.googleapis.com/upload/sites/gdn-bot/versions/c3640dbf793b7233/files/2050fdee8bd249619a4d41147d02295ad0b530783f4ff335218bc14b4b0367cc 200
[debug] [2021-08-17T15:55:42.813Z] <<< [apiv2][body] POST https://upload-firebasehosting.googleapis.com/upload/sites/gdn-bot/versions/c3640dbf793b7233/files/2050fdee8bd249619a4d41147d02295ad0b530783f4ff335218bc14b4b0367cc [stream]
[debug] [2021-08-17T15:55:42.830Z] <<< [apiv2][status] POST https://upload-firebasehosting.googleapis.com/upload/sites/gdn-bot/versions/c3640dbf793b7233/files/74842458a0baa69797d1ff8a563d7281cfc8eb2491530b7e65354e7bd90048de 200
[debug] [2021-08-17T15:55:42.830Z] <<< [apiv2][body] POST https://upload-firebasehosting.googleapis.com/upload/sites/gdn-bot/versions/c3640dbf793b7233/files/74842458a0baa69797d1ff8a563d7281cfc8eb2491530b7e65354e7bd90048de [stream]
[debug] [2021-08-17T15:55:42.869Z] <<< [apiv2][status] POST https://upload-firebasehosting.googleapis.com/upload/sites/gdn-bot/versions/c3640dbf793b7233/files/0cf512750846765f7c03c32e527d30f6e09f2374f0f2bd7a0578377167c0f191 200
[debug] [2021-08-17T15:55:42.869Z] <<< [apiv2][body] POST https://upload-firebasehosting.googleapis.com/upload/sites/gdn-bot/versions/c3640dbf793b7233/files/0cf512750846765f7c03c32e527d30f6e09f2374f0f2bd7a0578377167c0f191 [stream]
[debug] [2021-08-17T15:55:42.873Z] <<< [apiv2][status] POST https://upload-firebasehosting.googleapis.com/upload/sites/gdn-bot/versions/c3640dbf793b7233/files/a70152d24da17c9041362af3332b195edd7bf38738cc4afaf149b8b40d6fadfa 200
[debug] [2021-08-17T15:55:42.873Z] <<< [apiv2][body] POST https://upload-firebasehosting.googleapis.com/upload/sites/gdn-bot/versions/c3640dbf793b7233/files/a70152d24da17c9041362af3332b195edd7bf38738cc4afaf149b8b40d6fadfa [stream]
[debug] [2021-08-17T15:55:42.920Z] <<< [apiv2][status] POST https://upload-firebasehosting.googleapis.com/upload/sites/gdn-bot/versions/c3640dbf793b7233/files/74714bd676e252200e430e1bdf0760a1a75b91ee74e5b5cc04059c8411dbe8a4 200
[debug] [2021-08-17T15:55:42.920Z] <<< [apiv2][body] POST https://upload-firebasehosting.googleapis.com/upload/sites/gdn-bot/versions/c3640dbf793b7233/files/74714bd676e252200e430e1bdf0760a1a75b91ee74e5b5cc04059c8411dbe8a4 [stream]
[debug] [2021-08-17T15:55:42.970Z] <<< [apiv2][status] POST https://upload-firebasehosting.googleapis.com/upload/sites/gdn-bot/versions/c3640dbf793b7233/files/f3cea224ae91d705c7429468e23df014aed923a52fa87a571bd979fcca0617d5 200
[debug] [2021-08-17T15:55:42.970Z] <<< [apiv2][body] POST https://upload-firebasehosting.googleapis.com/upload/sites/gdn-bot/versions/c3640dbf793b7233/files/f3cea224ae91d705c7429468e23df014aed923a52fa87a571bd979fcca0617d5 [stream]
[debug] [2021-08-17T15:55:42.976Z] <<< [apiv2][status] POST https://upload-firebasehosting.googleapis.com/upload/sites/gdn-bot/versions/c3640dbf793b7233/files/d95108c559d753030ed319747a5446b9bc8d2ff388374995946b4e8a75ab0618 200
[debug] [2021-08-17T15:55:42.976Z] <<< [apiv2][body] POST https://upload-firebasehosting.googleapis.com/upload/sites/gdn-bot/versions/c3640dbf793b7233/files/d95108c559d753030ed319747a5446b9bc8d2ff388374995946b4e8a75ab0618 [stream]
[debug] [2021-08-17T15:55:42.993Z] <<< [apiv2][status] POST https://upload-firebasehosting.googleapis.com/upload/sites/gdn-bot/versions/c3640dbf793b7233/files/03c732d597d044815da84d7f7a2b93ec210384d6c90b357d6a5d81e78bad6c9e 200
[debug] [2021-08-17T15:55:42.993Z] <<< [apiv2][body] POST https://upload-firebasehosting.googleapis.com/upload/sites/gdn-bot/versions/c3640dbf793b7233/files/03c732d597d044815da84d7f7a2b93ec210384d6c90b357d6a5d81e78bad6c9e [stream]
[debug] [2021-08-17T15:55:43.020Z] <<< [apiv2][status] POST https://upload-firebasehosting.googleapis.com/upload/sites/gdn-bot/versions/c3640dbf793b7233/files/fa21cd139204611cb3adc4309cbd6ac421ee49d84ca51e04851b8ad4ce415964 200
[debug] [2021-08-17T15:55:43.020Z] <<< [apiv2][body] POST https://upload-firebasehosting.googleapis.com/upload/sites/gdn-bot/versions/c3640dbf793b7233/files/fa21cd139204611cb3adc4309cbd6ac421ee49d84ca51e04851b8ad4ce415964 [stream]
[debug] [2021-08-17T15:55:43.026Z] <<< [apiv2][status] POST https://upload-firebasehosting.googleapis.com/upload/sites/gdn-bot/versions/c3640dbf793b7233/files/c77819ea28fd561ac0717d753d1c96e366be4d37b2caff2fd8f265c63a965f11 200
[debug] [2021-08-17T15:55:43.026Z] <<< [apiv2][body] POST https://upload-firebasehosting.googleapis.com/upload/sites/gdn-bot/versions/c3640dbf793b7233/files/c77819ea28fd561ac0717d753d1c96e366be4d37b2caff2fd8f265c63a965f11 [stream]
[debug] [2021-08-17T15:55:43.086Z] <<< [apiv2][status] POST https://upload-firebasehosting.googleapis.com/upload/sites/gdn-bot/versions/c3640dbf793b7233/files/1dd021ad27593c0fb1a337058def944fba217545ba124fc8f766c24688b7d2f9 200
[debug] [2021-08-17T15:55:43.086Z] <<< [apiv2][body] POST https://upload-firebasehosting.googleapis.com/upload/sites/gdn-bot/versions/c3640dbf793b7233/files/1dd021ad27593c0fb1a337058def944fba217545ba124fc8f766c24688b7d2f9 [stream]
[debug] [2021-08-17T15:55:43.089Z] <<< [apiv2][status] POST https://upload-firebasehosting.googleapis.com/upload/sites/gdn-bot/versions/c3640dbf793b7233/files/94cdd0142670eeb5d617c23683f563dd4dae2559c4b9005eccf371b6dd35c43b 200
[debug] [2021-08-17T15:55:43.089Z] <<< [apiv2][body] POST https://upload-firebasehosting.googleapis.com/upload/sites/gdn-bot/versions/c3640dbf793b7233/files/94cdd0142670eeb5d617c23683f563dd4dae2559c4b9005eccf371b6dd35c43b [stream]
[debug] [2021-08-17T15:55:43.177Z] <<< [apiv2][status] POST https://upload-firebasehosting.googleapis.com/upload/sites/gdn-bot/versions/c3640dbf793b7233/files/94dea757f37879d09bb103aa4ea73abe019bc5598269b0af18ef1470d12cbab0 200
[debug] [2021-08-17T15:55:43.177Z] <<< [apiv2][body] POST https://upload-firebasehosting.googleapis.com/upload/sites/gdn-bot/versions/c3640dbf793b7233/files/94dea757f37879d09bb103aa4ea73abe019bc5598269b0af18ef1470d12cbab0 [stream]
[debug] [2021-08-17T15:55:43.219Z] <<< [apiv2][status] POST https://upload-firebasehosting.googleapis.com/upload/sites/gdn-bot/versions/c3640dbf793b7233/files/60896f191c6c6df42b95adafe60e6b38e8d708e9fa1f49ffc528f52b94eb7982 200
[debug] [2021-08-17T15:55:43.219Z] <<< [apiv2][body] POST https://upload-firebasehosting.googleapis.com/upload/sites/gdn-bot/versions/c3640dbf793b7233/files/60896f191c6c6df42b95adafe60e6b38e8d708e9fa1f49ffc528f52b94eb7982 [stream]
[debug] [2021-08-17T15:55:43.308Z] <<< [apiv2][status] POST https://upload-firebasehosting.googleapis.com/upload/sites/gdn-bot/versions/c3640dbf793b7233/files/21ea42a5e719237112b8b4dfa5bcacd0140af9e2573a10464821fbae534b6b1f 200
[debug] [2021-08-17T15:55:43.308Z] <<< [apiv2][body] POST https://upload-firebasehosting.googleapis.com/upload/sites/gdn-bot/versions/c3640dbf793b7233/files/21ea42a5e719237112b8b4dfa5bcacd0140af9e2573a10464821fbae534b6b1f [stream]
[debug] [2021-08-17T15:55:43.362Z] <<< [apiv2][status] POST https://upload-firebasehosting.googleapis.com/upload/sites/gdn-bot/versions/c3640dbf793b7233/files/fbb58bbbae28e21686bfb1391cd1a85e55924b1da31bf1a63fc60e2cf6b961b6 200
[debug] [2021-08-17T15:55:43.362Z] <<< [apiv2][body] POST https://upload-firebasehosting.googleapis.com/upload/sites/gdn-bot/versions/c3640dbf793b7233/files/fbb58bbbae28e21686bfb1391cd1a85e55924b1da31bf1a63fc60e2cf6b961b6 [stream]
[debug] [2021-08-17T15:55:43.478Z] <<< [apiv2][status] POST https://upload-firebasehosting.googleapis.com/upload/sites/gdn-bot/versions/c3640dbf793b7233/files/b7c27c0ba8c839bb8527282e40685187c43f1ab2f5238ded2a378b1b41616cbb 200
[debug] [2021-08-17T15:55:43.478Z] <<< [apiv2][body] POST https://upload-firebasehosting.googleapis.com/upload/sites/gdn-bot/versions/c3640dbf793b7233/files/b7c27c0ba8c839bb8527282e40685187c43f1ab2f5238ded2a378b1b41616cbb [stream]
[debug] [2021-08-17T15:55:43.531Z] <<< [apiv2][status] POST https://upload-firebasehosting.googleapis.com/upload/sites/gdn-bot/versions/c3640dbf793b7233/files/381444831f8213d621075ab6e26c8c52aecb2fd4d45c28cc0cc9eab16adbe8c8 200
[debug] [2021-08-17T15:55:43.531Z] <<< [apiv2][body] POST https://upload-firebasehosting.googleapis.com/upload/sites/gdn-bot/versions/c3640dbf793b7233/files/381444831f8213d621075ab6e26c8c52aecb2fd4d45c28cc0cc9eab16adbe8c8 [stream]
[debug] [2021-08-17T15:55:43.724Z] <<< [apiv2][status] POST https://upload-firebasehosting.googleapis.com/upload/sites/gdn-bot/versions/c3640dbf793b7233/files/8b96dd5ba19190e80d3c45ca9e52db2a1ae875b54a24929678d3ec0c1eb3c7de 200
[debug] [2021-08-17T15:55:43.724Z] <<< [apiv2][body] POST https://upload-firebasehosting.googleapis.com/upload/sites/gdn-bot/versions/c3640dbf793b7233/files/8b96dd5ba19190e80d3c45ca9e52db2a1ae875b54a24929678d3ec0c1eb3c7de [stream]
[debug] [2021-08-17T15:55:43.725Z] [hosting][upload queue][FINAL] {"max":2501,"min":1242,"avg":1695.6774193548388,"active":0,"complete":31,"success":31,"errored":0,"retried":0,"total":31,"elapsed":2502}
[info] +  hosting[gdn-bot]: file upload complete 
[debug] [2021-08-17T15:55:43.725Z] [hosting] deploy completed after 4168ms
[debug] [2021-08-17T15:55:43.726Z] [rules] releasing cloud.firestore with ruleset projects/gdn-bot/rulesets/96c48765-c720-4208-8cf9-46a07b24745f
[debug] [2021-08-17T15:55:43.726Z] > refreshing access token with scopes: ["email","https://www.googleapis.com/auth/cloud-platform","https://www.googleapis.com/auth/cloudplatformprojects.readonly","https://www.googleapis.com/auth/firebase","openid"]
[debug] [2021-08-17T15:55:43.727Z] >>> HTTP REQUEST POST https://www.googleapis.com/oauth2/v3/token  
 <request body omitted>
[debug] [2021-08-17T15:55:43.832Z] <<< HTTP RESPONSE 200 {"expires":"Mon, 01 Jan 1990 00:00:00 GMT","pragma":"no-cache","cache-control":"no-cache, no-store, max-age=0, must-revalidate","date":"Tue, 17 Aug 2021 15:55:42 GMT","content-type":"application/json; charset=utf-8","vary":"X-Origin, Referer, Origin,Accept-Encoding","server":"scaffolding on HTTPServer2","x-xss-protection":"0","x-frame-options":"SAMEORIGIN","x-content-type-options":"nosniff","alt-svc":"h3=\":443\"; ma=2592000,h3-29=\":443\"; ma=2592000,h3-T051=\":443\"; ma=2592000,h3-Q050=\":443\"; ma=2592000,h3-Q046=\":443\"; ma=2592000,h3-Q043=\":443\"; ma=2592000,quic=\":443\"; ma=2592000; v=\"46,43\"","accept-ranges":"none","transfer-encoding":"chunked"}
[debug] [2021-08-17T15:55:43.841Z] >>> HTTP REQUEST PATCH https://firebaserules.googleapis.com/v1/projects/gdn-bot/releases/cloud.firestore  
 {"release":{"name":"projects/gdn-bot/releases/cloud.firestore","rulesetName":"projects/gdn-bot/rulesets/96c48765-c720-4208-8cf9-46a07b24745f"}}
[debug] [2021-08-17T15:55:44.690Z] <<< HTTP RESPONSE 200 {"content-type":"application/json; charset=UTF-8","vary":"X-Origin, Referer, Origin,Accept-Encoding","date":"Tue, 17 Aug 2021 15:55:43 GMT","server":"ESF","cache-control":"private","x-xss-protection":"0","x-frame-options":"SAMEORIGIN","x-content-type-options":"nosniff","alt-svc":"h3=\":443\"; ma=2592000,h3-29=\":443\"; ma=2592000,h3-T051=\":443\"; ma=2592000,h3-Q050=\":443\"; ma=2592000,h3-Q046=\":443\"; ma=2592000,h3-Q043=\":443\"; ma=2592000,quic=\":443\"; ma=2592000; v=\"46,43\"","accept-ranges":"none","transfer-encoding":"chunked"}
[debug] [2021-08-17T15:55:44.691Z] [rules] updated release projects/gdn-bot/releases/cloud.firestore
[info] +  firestore: released rules firestore.rules to cloud.firestore 
[info] i  functions: creating Node.js 14 function helloWorld(us-central1)... 
[debug] [2021-08-17T15:55:44.693Z] >>> HTTP REQUEST POST https://cloudfunctions.googleapis.com/v1/projects/gdn-bot/locations/us-central1/functions  
 {"name":"projects/gdn-bot/locations/us-central1/functions/helloWorld","sourceUploadUrl":"https://storage.googleapis.com/gcf-upload-us-central1-827dd254-fa12-4e0a-a260-ecd42fe44003/8cd06d96-37ff-49c6-a788-b537d2934799.zip?GoogleAccessId=service-621639358864@gcf-admin-robot.iam.gserviceaccount.com&Expires=1629217537&Signature=QBXgeLLRED40Es%2FBkUi4pZbfJwX5Qx9tq6tGehIS2T8zGmqdItGwDylfdKVZnpiCDQrdjwd6fnv6dIoAflbl5xZi6MbF3TZuvYG4wsjGLJBLQyrYTl4Lk8XY6FQEdOVIBduRM6narFgcC5Qyoosg53yLcJSPj%2BP5X%2FFtBZsBlte92d%2B2Tdr0Y3OGtulFB9jMMlrFVQkjAw1g3ZTlso1%2BclM5RIj1PK006QNpshRhMpU1rbll8y%2BUs%2FQczIKB%2FEDFRE%2FC%2FsYwmP3w1xOKkWdu8Q8ClFoRb7yYQY2%2B0EyxwuVzlZf906Zvh0AKYpre8anVtvs8Lw%2BK6Iy85DFE4zy0GQ%3D%3D","entryPoint":"helloWorld","runtime":"nodejs14","httpsTrigger":{"securityLevel":"SECURE_OPTIONAL"},"labels":{"deployment-tool":"cli-firebase"},"environmentVariables":{"FIREBASE_CONFIG":"{\"projectId\":\"gdn-bot\",\"databaseURL\":\"https://gdn-bot-default-rtdb.europe-west1.firebasedatabase.app\",\"storageBucket\":\"gdn-bot.appspot.com\",\"locationId\":\"europe-west\"}","GCLOUD_PROJECT":"gdn-bot"}}
[debug] [2021-08-17T15:55:45.220Z] <<< HTTP RESPONSE 200 {"content-type":"application/json; charset=UTF-8","vary":"X-Origin, Referer, Origin,Accept-Encoding","date":"Tue, 17 Aug 2021 15:55:43 GMT","server":"ESF","cache-control":"private","x-xss-protection":"0","x-frame-options":"SAMEORIGIN","x-content-type-options":"nosniff","alt-svc":"h3=\":443\"; ma=2592000,h3-29=\":443\"; ma=2592000,h3-T051=\":443\"; ma=2592000,h3-Q050=\":443\"; ma=2592000,h3-Q046=\":443\"; ma=2592000,h3-Q043=\":443\"; ma=2592000,quic=\":443\"; ma=2592000; v=\"46,43\"","accept-ranges":"none","transfer-encoding":"chunked"}
[debug] [2021-08-17T15:55:45.221Z] > refreshing access token with scopes: []
[debug] [2021-08-17T15:55:45.221Z] >>> HTTP REQUEST POST https://www.googleapis.com/oauth2/v3/token  
 <request body omitted>
[debug] [2021-08-17T15:55:45.326Z] <<< HTTP RESPONSE 200 {"pragma":"no-cache","date":"Tue, 17 Aug 2021 15:55:44 GMT","expires":"Mon, 01 Jan 1990 00:00:00 GMT","cache-control":"no-cache, no-store, max-age=0, must-revalidate","content-type":"application/json; charset=utf-8","vary":"X-Origin, Referer, Origin,Accept-Encoding","server":"scaffolding on HTTPServer2","x-xss-protection":"0","x-frame-options":"SAMEORIGIN","x-content-type-options":"nosniff","alt-svc":"h3=\":443\"; ma=2592000,h3-29=\":443\"; ma=2592000,h3-T051=\":443\"; ma=2592000,h3-Q050=\":443\"; ma=2592000,h3-Q046=\":443\"; ma=2592000,h3-Q043=\":443\"; ma=2592000,quic=\":443\"; ma=2592000; v=\"46,43\"","accept-ranges":"none","transfer-encoding":"chunked"}
[debug] [2021-08-17T15:55:45.337Z] >>> [apiv2][query] GET https://cloudfunctions.googleapis.com/v1/operations/Z2RuLWJvdC91cy1jZW50cmFsMS9oZWxsb1dvcmxkL3V4SnBUdnNEdWZn [none]
[debug] [2021-08-17T15:55:45.584Z] <<< [apiv2][status] GET https://cloudfunctions.googleapis.com/v1/operations/Z2RuLWJvdC91cy1jZW50cmFsMS9oZWxsb1dvcmxkL3V4SnBUdnNEdWZn 200
[debug] [2021-08-17T15:55:45.584Z] <<< [apiv2][body] GET https://cloudfunctions.googleapis.com/v1/operations/Z2RuLWJvdC91cy1jZW50cmFsMS9oZWxsb1dvcmxkL3V4SnBUdnNEdWZn {"name":"operations/Z2RuLWJvdC91cy1jZW50cmFsMS9oZWxsb1dvcmxkL3V4SnBUdnNEdWZn","metadata":{"@type":"type.googleapis.com/google.cloud.functions.v1.OperationMetadataV1","target":"projects/gdn-bot/locations/us-central1/functions/helloWorld","type":"CREATE_FUNCTION","request":{"@type":"type.googleapis.com/google.cloud.functions.v1.CloudFunction","name":"projects/gdn-bot/locations/us-central1/functions/helloWorld","httpsTrigger":{"securityLevel":"SECURE_OPTIONAL"},"entryPoint":"helloWorld","labels":{"deployment-tool":"cli-firebase"},"sourceUploadUrl":"https://storage.googleapis.com/gcf-upload-us-central1-827dd254-fa12-4e0a-a260-ecd42fe44003/8cd06d96-37ff-49c6-a788-b537d2934799.zip?GoogleAccessId=service-621639358864@gcf-admin-robot.iam.gserviceaccount.com&Expires=1629217537&Signature=QBXgeLLRED40Es%2FBkUi4pZbfJwX5Qx9tq6tGehIS2T8zGmqdItGwDylfdKVZnpiCDQrdjwd6fnv6dIoAflbl5xZi6MbF3TZuvYG4wsjGLJBLQyrYTl4Lk8XY6FQEdOVIBduRM6narFgcC5Qyoosg53yLcJSPj%2BP5X%2FFtBZsBlte92d%2B2Tdr0Y3OGtulFB9jMMlrFVQkjAw1g3ZTlso1%2BclM5RIj1PK006QNpshRhMpU1rbll8y%2BUs%2FQczIKB%2FEDFRE%2FC%2FsYwmP3w1xOKkWdu8Q8ClFoRb7yYQY2%2B0EyxwuVzlZf906Zvh0AKYpre8anVtvs8Lw%2BK6Iy85DFE4zy0GQ%3D%3D","environmentVariables":{"FIREBASE_CONFIG":"{\"projectId\":\"gdn-bot\",\"databaseURL\":\"https://gdn-bot-default-rtdb.europe-west1.firebasedatabase.app\",\"storageBucket\":\"gdn-bot.appspot.com\",\"locationId\":\"europe-west\"}","GCLOUD_PROJECT":"gdn-bot"},"runtime":"nodejs14"},"versionId":"1","updateTime":"2021-08-17T15:55:44Z"}}
[debug] [2021-08-17T15:55:46.088Z] [create-projects/gdn-bot/locations/us-central1/functions/helloWorld] Retrying task index 0
[debug] [2021-08-17T15:55:46.088Z] >>> [apiv2][query] GET https://cloudfunctions.googleapis.com/v1/operations/Z2RuLWJvdC91cy1jZW50cmFsMS9oZWxsb1dvcmxkL3V4SnBUdnNEdWZn [none]
[debug] [2021-08-17T15:55:46.371Z] <<< [apiv2][status] GET https://cloudfunctions.googleapis.com/v1/operations/Z2RuLWJvdC91cy1jZW50cmFsMS9oZWxsb1dvcmxkL3V4SnBUdnNEdWZn 200
[debug] [2021-08-17T15:55:46.371Z] <<< [apiv2][body] GET https://cloudfunctions.googleapis.com/v1/operations/Z2RuLWJvdC91cy1jZW50cmFsMS9oZWxsb1dvcmxkL3V4SnBUdnNEdWZn {"name":"operations/Z2RuLWJvdC91cy1jZW50cmFsMS9oZWxsb1dvcmxkL3V4SnBUdnNEdWZn","metadata":{"@type":"type.googleapis.com/google.cloud.functions.v1.OperationMetadataV1","target":"projects/gdn-bot/locations/us-central1/functions/helloWorld","type":"CREATE_FUNCTION","request":{"@type":"type.googleapis.com/google.cloud.functions.v1.CloudFunction","name":"projects/gdn-bot/locations/us-central1/functions/helloWorld","httpsTrigger":{"securityLevel":"SECURE_OPTIONAL"},"entryPoint":"helloWorld","labels":{"deployment-tool":"cli-firebase"},"sourceUploadUrl":"https://storage.googleapis.com/gcf-upload-us-central1-827dd254-fa12-4e0a-a260-ecd42fe44003/8cd06d96-37ff-49c6-a788-b537d2934799.zip?GoogleAccessId=service-621639358864@gcf-admin-robot.iam.gserviceaccount.com&Expires=1629217537&Signature=QBXgeLLRED40Es%2FBkUi4pZbfJwX5Qx9tq6tGehIS2T8zGmqdItGwDylfdKVZnpiCDQrdjwd6fnv6dIoAflbl5xZi6MbF3TZuvYG4wsjGLJBLQyrYTl4Lk8XY6FQEdOVIBduRM6narFgcC5Qyoosg53yLcJSPj%2BP5X%2FFtBZsBlte92d%2B2Tdr0Y3OGtulFB9jMMlrFVQkjAw1g3ZTlso1%2BclM5RIj1PK006QNpshRhMpU1rbll8y%2BUs%2FQczIKB%2FEDFRE%2FC%2FsYwmP3w1xOKkWdu8Q8ClFoRb7yYQY2%2B0EyxwuVzlZf906Zvh0AKYpre8anVtvs8Lw%2BK6Iy85DFE4zy0GQ%3D%3D","environmentVariables":{"FIREBASE_CONFIG":"{\"projectId\":\"gdn-bot\",\"databaseURL\":\"https://gdn-bot-default-rtdb.europe-west1.firebasedatabase.app\",\"storageBucket\":\"gdn-bot.appspot.com\",\"locationId\":\"europe-west\"}","GCLOUD_PROJECT":"gdn-bot"},"runtime":"nodejs14"},"versionId":"1","updateTime":"2021-08-17T15:55:44Z"}}
[debug] [2021-08-17T15:55:47.373Z] [create-projects/gdn-bot/locations/us-central1/functions/helloWorld] Retrying task index 0
[debug] [2021-08-17T15:55:47.374Z] >>> [apiv2][query] GET https://cloudfunctions.googleapis.com/v1/operations/Z2RuLWJvdC91cy1jZW50cmFsMS9oZWxsb1dvcmxkL3V4SnBUdnNEdWZn [none]
[debug] [2021-08-17T15:55:47.626Z] <<< [apiv2][status] GET https://cloudfunctions.googleapis.com/v1/operations/Z2RuLWJvdC91cy1jZW50cmFsMS9oZWxsb1dvcmxkL3V4SnBUdnNEdWZn 200
[debug] [2021-08-17T15:55:47.626Z] <<< [apiv2][body] GET https://cloudfunctions.googleapis.com/v1/operations/Z2RuLWJvdC91cy1jZW50cmFsMS9oZWxsb1dvcmxkL3V4SnBUdnNEdWZn {"name":"operations/Z2RuLWJvdC91cy1jZW50cmFsMS9oZWxsb1dvcmxkL3V4SnBUdnNEdWZn","metadata":{"@type":"type.googleapis.com/google.cloud.functions.v1.OperationMetadataV1","target":"projects/gdn-bot/locations/us-central1/functions/helloWorld","type":"CREATE_FUNCTION","request":{"@type":"type.googleapis.com/google.cloud.functions.v1.CloudFunction","name":"projects/gdn-bot/locations/us-central1/functions/helloWorld","httpsTrigger":{"securityLevel":"SECURE_OPTIONAL"},"entryPoint":"helloWorld","labels":{"deployment-tool":"cli-firebase"},"sourceUploadUrl":"https://storage.googleapis.com/gcf-upload-us-central1-827dd254-fa12-4e0a-a260-ecd42fe44003/8cd06d96-37ff-49c6-a788-b537d2934799.zip?GoogleAccessId=service-621639358864@gcf-admin-robot.iam.gserviceaccount.com&Expires=1629217537&Signature=QBXgeLLRED40Es%2FBkUi4pZbfJwX5Qx9tq6tGehIS2T8zGmqdItGwDylfdKVZnpiCDQrdjwd6fnv6dIoAflbl5xZi6MbF3TZuvYG4wsjGLJBLQyrYTl4Lk8XY6FQEdOVIBduRM6narFgcC5Qyoosg53yLcJSPj%2BP5X%2FFtBZsBlte92d%2B2Tdr0Y3OGtulFB9jMMlrFVQkjAw1g3ZTlso1%2BclM5RIj1PK006QNpshRhMpU1rbll8y%2BUs%2FQczIKB%2FEDFRE%2FC%2FsYwmP3w1xOKkWdu8Q8ClFoRb7yYQY2%2B0EyxwuVzlZf906Zvh0AKYpre8anVtvs8Lw%2BK6Iy85DFE4zy0GQ%3D%3D","environmentVariables":{"FIREBASE_CONFIG":"{\"projectId\":\"gdn-bot\",\"databaseURL\":\"https://gdn-bot-default-rtdb.europe-west1.firebasedatabase.app\",\"storageBucket\":\"gdn-bot.appspot.com\",\"locationId\":\"europe-west\"}","GCLOUD_PROJECT":"gdn-bot"},"runtime":"nodejs14"},"versionId":"1","updateTime":"2021-08-17T15:55:44Z","buildId":"c41973e9-c6ef-4934-a0ad-d7d7d57ec0db","buildName":"projects/621639358864/locations/us-central1/builds/c41973e9-c6ef-4934-a0ad-d7d7d57ec0db"}}
[debug] [2021-08-17T15:55:49.635Z] [create-projects/gdn-bot/locations/us-central1/functions/helloWorld] Retrying task index 0
[debug] [2021-08-17T15:55:49.635Z] >>> [apiv2][query] GET https://cloudfunctions.googleapis.com/v1/operations/Z2RuLWJvdC91cy1jZW50cmFsMS9oZWxsb1dvcmxkL3V4SnBUdnNEdWZn [none]
[debug] [2021-08-17T15:55:49.873Z] <<< [apiv2][status] GET https://cloudfunctions.googleapis.com/v1/operations/Z2RuLWJvdC91cy1jZW50cmFsMS9oZWxsb1dvcmxkL3V4SnBUdnNEdWZn 200
[debug] [2021-08-17T15:55:49.873Z] <<< [apiv2][body] GET https://cloudfunctions.googleapis.com/v1/operations/Z2RuLWJvdC91cy1jZW50cmFsMS9oZWxsb1dvcmxkL3V4SnBUdnNEdWZn {"name":"operations/Z2RuLWJvdC91cy1jZW50cmFsMS9oZWxsb1dvcmxkL3V4SnBUdnNEdWZn","metadata":{"@type":"type.googleapis.com/google.cloud.functions.v1.OperationMetadataV1","target":"projects/gdn-bot/locations/us-central1/functions/helloWorld","type":"CREATE_FUNCTION","request":{"@type":"type.googleapis.com/google.cloud.functions.v1.CloudFunction","name":"projects/gdn-bot/locations/us-central1/functions/helloWorld","httpsTrigger":{"securityLevel":"SECURE_OPTIONAL"},"entryPoint":"helloWorld","labels":{"deployment-tool":"cli-firebase"},"sourceUploadUrl":"https://storage.googleapis.com/gcf-upload-us-central1-827dd254-fa12-4e0a-a260-ecd42fe44003/8cd06d96-37ff-49c6-a788-b537d2934799.zip?GoogleAccessId=service-621639358864@gcf-admin-robot.iam.gserviceaccount.com&Expires=1629217537&Signature=QBXgeLLRED40Es%2FBkUi4pZbfJwX5Qx9tq6tGehIS2T8zGmqdItGwDylfdKVZnpiCDQrdjwd6fnv6dIoAflbl5xZi6MbF3TZuvYG4wsjGLJBLQyrYTl4Lk8XY6FQEdOVIBduRM6narFgcC5Qyoosg53yLcJSPj%2BP5X%2FFtBZsBlte92d%2B2Tdr0Y3OGtulFB9jMMlrFVQkjAw1g3ZTlso1%2BclM5RIj1PK006QNpshRhMpU1rbll8y%2BUs%2FQczIKB%2FEDFRE%2FC%2FsYwmP3w1xOKkWdu8Q8ClFoRb7yYQY2%2B0EyxwuVzlZf906Zvh0AKYpre8anVtvs8Lw%2BK6Iy85DFE4zy0GQ%3D%3D","environmentVariables":{"FIREBASE_CONFIG":"{\"projectId\":\"gdn-bot\",\"databaseURL\":\"https://gdn-bot-default-rtdb.europe-west1.firebasedatabase.app\",\"storageBucket\":\"gdn-bot.appspot.com\",\"locationId\":\"europe-west\"}","GCLOUD_PROJECT":"gdn-bot"},"runtime":"nodejs14"},"versionId":"1","updateTime":"2021-08-17T15:55:44Z","buildId":"c41973e9-c6ef-4934-a0ad-d7d7d57ec0db","buildName":"projects/621639358864/locations/us-central1/builds/c41973e9-c6ef-4934-a0ad-d7d7d57ec0db"}}
[debug] [2021-08-17T15:55:53.879Z] [create-projects/gdn-bot/locations/us-central1/functions/helloWorld] Retrying task index 0
[debug] [2021-08-17T15:55:53.879Z] >>> [apiv2][query] GET https://cloudfunctions.googleapis.com/v1/operations/Z2RuLWJvdC91cy1jZW50cmFsMS9oZWxsb1dvcmxkL3V4SnBUdnNEdWZn [none]
[debug] [2021-08-17T15:55:54.117Z] <<< [apiv2][status] GET https://cloudfunctions.googleapis.com/v1/operations/Z2RuLWJvdC91cy1jZW50cmFsMS9oZWxsb1dvcmxkL3V4SnBUdnNEdWZn 200
[debug] [2021-08-17T15:55:54.118Z] <<< [apiv2][body] GET https://cloudfunctions.googleapis.com/v1/operations/Z2RuLWJvdC91cy1jZW50cmFsMS9oZWxsb1dvcmxkL3V4SnBUdnNEdWZn {"name":"operations/Z2RuLWJvdC91cy1jZW50cmFsMS9oZWxsb1dvcmxkL3V4SnBUdnNEdWZn","metadata":{"@type":"type.googleapis.com/google.cloud.functions.v1.OperationMetadataV1","target":"projects/gdn-bot/locations/us-central1/functions/helloWorld","type":"CREATE_FUNCTION","request":{"@type":"type.googleapis.com/google.cloud.functions.v1.CloudFunction","name":"projects/gdn-bot/locations/us-central1/functions/helloWorld","httpsTrigger":{"securityLevel":"SECURE_OPTIONAL"},"entryPoint":"helloWorld","labels":{"deployment-tool":"cli-firebase"},"sourceUploadUrl":"https://storage.googleapis.com/gcf-upload-us-central1-827dd254-fa12-4e0a-a260-ecd42fe44003/8cd06d96-37ff-49c6-a788-b537d2934799.zip?GoogleAccessId=service-621639358864@gcf-admin-robot.iam.gserviceaccount.com&Expires=1629217537&Signature=QBXgeLLRED40Es%2FBkUi4pZbfJwX5Qx9tq6tGehIS2T8zGmqdItGwDylfdKVZnpiCDQrdjwd6fnv6dIoAflbl5xZi6MbF3TZuvYG4wsjGLJBLQyrYTl4Lk8XY6FQEdOVIBduRM6narFgcC5Qyoosg53yLcJSPj%2BP5X%2FFtBZsBlte92d%2B2Tdr0Y3OGtulFB9jMMlrFVQkjAw1g3ZTlso1%2BclM5RIj1PK006QNpshRhMpU1rbll8y%2BUs%2FQczIKB%2FEDFRE%2FC%2FsYwmP3w1xOKkWdu8Q8ClFoRb7yYQY2%2B0EyxwuVzlZf906Zvh0AKYpre8anVtvs8Lw%2BK6Iy85DFE4zy0GQ%3D%3D","environmentVariables":{"FIREBASE_CONFIG":"{\"projectId\":\"gdn-bot\",\"databaseURL\":\"https://gdn-bot-default-rtdb.europe-west1.firebasedatabase.app\",\"storageBucket\":\"gdn-bot.appspot.com\",\"locationId\":\"europe-west\"}","GCLOUD_PROJECT":"gdn-bot"},"runtime":"nodejs14"},"versionId":"1","updateTime":"2021-08-17T15:55:44Z","buildId":"c41973e9-c6ef-4934-a0ad-d7d7d57ec0db","buildName":"projects/621639358864/locations/us-central1/builds/c41973e9-c6ef-4934-a0ad-d7d7d57ec0db"}}
[debug] [2021-08-17T15:56:02.122Z] [create-projects/gdn-bot/locations/us-central1/functions/helloWorld] Retrying task index 0
[debug] [2021-08-17T15:56:02.122Z] >>> [apiv2][query] GET https://cloudfunctions.googleapis.com/v1/operations/Z2RuLWJvdC91cy1jZW50cmFsMS9oZWxsb1dvcmxkL3V4SnBUdnNEdWZn [none]
[debug] [2021-08-17T15:56:02.359Z] <<< [apiv2][status] GET https://cloudfunctions.googleapis.com/v1/operations/Z2RuLWJvdC91cy1jZW50cmFsMS9oZWxsb1dvcmxkL3V4SnBUdnNEdWZn 200
[debug] [2021-08-17T15:56:02.360Z] <<< [apiv2][body] GET https://cloudfunctions.googleapis.com/v1/operations/Z2RuLWJvdC91cy1jZW50cmFsMS9oZWxsb1dvcmxkL3V4SnBUdnNEdWZn {"name":"operations/Z2RuLWJvdC91cy1jZW50cmFsMS9oZWxsb1dvcmxkL3V4SnBUdnNEdWZn","metadata":{"@type":"type.googleapis.com/google.cloud.functions.v1.OperationMetadataV1","target":"projects/gdn-bot/locations/us-central1/functions/helloWorld","type":"CREATE_FUNCTION","request":{"@type":"type.googleapis.com/google.cloud.functions.v1.CloudFunction","name":"projects/gdn-bot/locations/us-central1/functions/helloWorld","httpsTrigger":{"securityLevel":"SECURE_OPTIONAL"},"entryPoint":"helloWorld","labels":{"deployment-tool":"cli-firebase"},"sourceUploadUrl":"https://storage.googleapis.com/gcf-upload-us-central1-827dd254-fa12-4e0a-a260-ecd42fe44003/8cd06d96-37ff-49c6-a788-b537d2934799.zip?GoogleAccessId=service-621639358864@gcf-admin-robot.iam.gserviceaccount.com&Expires=1629217537&Signature=QBXgeLLRED40Es%2FBkUi4pZbfJwX5Qx9tq6tGehIS2T8zGmqdItGwDylfdKVZnpiCDQrdjwd6fnv6dIoAflbl5xZi6MbF3TZuvYG4wsjGLJBLQyrYTl4Lk8XY6FQEdOVIBduRM6narFgcC5Qyoosg53yLcJSPj%2BP5X%2FFtBZsBlte92d%2B2Tdr0Y3OGtulFB9jMMlrFVQkjAw1g3ZTlso1%2BclM5RIj1PK006QNpshRhMpU1rbll8y%2BUs%2FQczIKB%2FEDFRE%2FC%2FsYwmP3w1xOKkWdu8Q8ClFoRb7yYQY2%2B0EyxwuVzlZf906Zvh0AKYpre8anVtvs8Lw%2BK6Iy85DFE4zy0GQ%3D%3D","environmentVariables":{"FIREBASE_CONFIG":"{\"projectId\":\"gdn-bot\",\"databaseURL\":\"https://gdn-bot-default-rtdb.europe-west1.firebasedatabase.app\",\"storageBucket\":\"gdn-bot.appspot.com\",\"locationId\":\"europe-west\"}","GCLOUD_PROJECT":"gdn-bot"},"runtime":"nodejs14"},"versionId":"1","updateTime":"2021-08-17T15:55:44Z","buildId":"c41973e9-c6ef-4934-a0ad-d7d7d57ec0db","buildName":"projects/621639358864/locations/us-central1/builds/c41973e9-c6ef-4934-a0ad-d7d7d57ec0db"}}
[debug] [2021-08-17T15:56:18.364Z] [create-projects/gdn-bot/locations/us-central1/functions/helloWorld] Retrying task index 0
[debug] [2021-08-17T15:56:18.364Z] >>> [apiv2][query] GET https://cloudfunctions.googleapis.com/v1/operations/Z2RuLWJvdC91cy1jZW50cmFsMS9oZWxsb1dvcmxkL3V4SnBUdnNEdWZn [none]
[debug] [2021-08-17T15:56:18.603Z] <<< [apiv2][status] GET https://cloudfunctions.googleapis.com/v1/operations/Z2RuLWJvdC91cy1jZW50cmFsMS9oZWxsb1dvcmxkL3V4SnBUdnNEdWZn 200
[debug] [2021-08-17T15:56:18.604Z] <<< [apiv2][body] GET https://cloudfunctions.googleapis.com/v1/operations/Z2RuLWJvdC91cy1jZW50cmFsMS9oZWxsb1dvcmxkL3V4SnBUdnNEdWZn {"name":"operations/Z2RuLWJvdC91cy1jZW50cmFsMS9oZWxsb1dvcmxkL3V4SnBUdnNEdWZn","metadata":{"@type":"type.googleapis.com/google.cloud.functions.v1.OperationMetadataV1","target":"projects/gdn-bot/locations/us-central1/functions/helloWorld","type":"CREATE_FUNCTION","request":{"@type":"type.googleapis.com/google.cloud.functions.v1.CloudFunction","name":"projects/gdn-bot/locations/us-central1/functions/helloWorld","httpsTrigger":{"securityLevel":"SECURE_OPTIONAL"},"entryPoint":"helloWorld","labels":{"deployment-tool":"cli-firebase"},"sourceUploadUrl":"https://storage.googleapis.com/gcf-upload-us-central1-827dd254-fa12-4e0a-a260-ecd42fe44003/8cd06d96-37ff-49c6-a788-b537d2934799.zip?GoogleAccessId=service-621639358864@gcf-admin-robot.iam.gserviceaccount.com&Expires=1629217537&Signature=QBXgeLLRED40Es%2FBkUi4pZbfJwX5Qx9tq6tGehIS2T8zGmqdItGwDylfdKVZnpiCDQrdjwd6fnv6dIoAflbl5xZi6MbF3TZuvYG4wsjGLJBLQyrYTl4Lk8XY6FQEdOVIBduRM6narFgcC5Qyoosg53yLcJSPj%2BP5X%2FFtBZsBlte92d%2B2Tdr0Y3OGtulFB9jMMlrFVQkjAw1g3ZTlso1%2BclM5RIj1PK006QNpshRhMpU1rbll8y%2BUs%2FQczIKB%2FEDFRE%2FC%2FsYwmP3w1xOKkWdu8Q8ClFoRb7yYQY2%2B0EyxwuVzlZf906Zvh0AKYpre8anVtvs8Lw%2BK6Iy85DFE4zy0GQ%3D%3D","environmentVariables":{"FIREBASE_CONFIG":"{\"projectId\":\"gdn-bot\",\"databaseURL\":\"https://gdn-bot-default-rtdb.europe-west1.firebasedatabase.app\",\"storageBucket\":\"gdn-bot.appspot.com\",\"locationId\":\"europe-west\"}","GCLOUD_PROJECT":"gdn-bot"},"runtime":"nodejs14"},"versionId":"1","updateTime":"2021-08-17T15:55:44Z","buildId":"c41973e9-c6ef-4934-a0ad-d7d7d57ec0db","buildName":"projects/621639358864/locations/us-central1/builds/c41973e9-c6ef-4934-a0ad-d7d7d57ec0db"}}
[debug] [2021-08-17T15:56:50.614Z] [create-projects/gdn-bot/locations/us-central1/functions/helloWorld] Retrying task index 0
[debug] [2021-08-17T15:56:50.614Z] >>> [apiv2][query] GET https://cloudfunctions.googleapis.com/v1/operations/Z2RuLWJvdC91cy1jZW50cmFsMS9oZWxsb1dvcmxkL3V4SnBUdnNEdWZn [none]
[debug] [2021-08-17T15:56:50.880Z] <<< [apiv2][status] GET https://cloudfunctions.googleapis.com/v1/operations/Z2RuLWJvdC91cy1jZW50cmFsMS9oZWxsb1dvcmxkL3V4SnBUdnNEdWZn 200
[debug] [2021-08-17T15:56:50.880Z] <<< [apiv2][body] GET https://cloudfunctions.googleapis.com/v1/operations/Z2RuLWJvdC91cy1jZW50cmFsMS9oZWxsb1dvcmxkL3V4SnBUdnNEdWZn {"name":"operations/Z2RuLWJvdC91cy1jZW50cmFsMS9oZWxsb1dvcmxkL3V4SnBUdnNEdWZn","metadata":{"@type":"type.googleapis.com/google.cloud.functions.v1.OperationMetadataV1","target":"projects/gdn-bot/locations/us-central1/functions/helloWorld","type":"CREATE_FUNCTION","request":{"@type":"type.googleapis.com/google.cloud.functions.v1.CloudFunction","name":"projects/gdn-bot/locations/us-central1/functions/helloWorld","httpsTrigger":{"securityLevel":"SECURE_OPTIONAL"},"entryPoint":"helloWorld","labels":{"deployment-tool":"cli-firebase"},"sourceUploadUrl":"https://storage.googleapis.com/gcf-upload-us-central1-827dd254-fa12-4e0a-a260-ecd42fe44003/8cd06d96-37ff-49c6-a788-b537d2934799.zip?GoogleAccessId=service-621639358864@gcf-admin-robot.iam.gserviceaccount.com&Expires=1629217537&Signature=QBXgeLLRED40Es%2FBkUi4pZbfJwX5Qx9tq6tGehIS2T8zGmqdItGwDylfdKVZnpiCDQrdjwd6fnv6dIoAflbl5xZi6MbF3TZuvYG4wsjGLJBLQyrYTl4Lk8XY6FQEdOVIBduRM6narFgcC5Qyoosg53yLcJSPj%2BP5X%2FFtBZsBlte92d%2B2Tdr0Y3OGtulFB9jMMlrFVQkjAw1g3ZTlso1%2BclM5RIj1PK006QNpshRhMpU1rbll8y%2BUs%2FQczIKB%2FEDFRE%2FC%2FsYwmP3w1xOKkWdu8Q8ClFoRb7yYQY2%2B0EyxwuVzlZf906Zvh0AKYpre8anVtvs8Lw%2BK6Iy85DFE4zy0GQ%3D%3D","environmentVariables":{"FIREBASE_CONFIG":"{\"projectId\":\"gdn-bot\",\"databaseURL\":\"https://gdn-bot-default-rtdb.europe-west1.firebasedatabase.app\",\"storageBucket\":\"gdn-bot.appspot.com\",\"locationId\":\"europe-west\"}","GCLOUD_PROJECT":"gdn-bot"},"runtime":"nodejs14"},"versionId":"1","updateTime":"2021-08-17T15:55:44Z","buildId":"c41973e9-c6ef-4934-a0ad-d7d7d57ec0db","sourceToken":"d2c4dbe8-d450-4e4b-8927-ace6deda4b78","buildName":"projects/621639358864/locations/us-central1/builds/c41973e9-c6ef-4934-a0ad-d7d7d57ec0db"}}
[debug] [2021-08-17T15:56:50.880Z] Got sourceToken d2c4dbe8-d450-4e4b-8927-ace6deda4b78 for region us-central1
